{"failures":[],"level":"info","message":"🧪 Test runner executed on /home/pablo/Documentos/objetos-1/workspace/2024s2-tomyjerry-LasotaP","result":{"failed":0,"ok":1},"timeElapsed":651,"timestamp":"2024-08-26T23:59:25.630Z"}
{"level":"info","message":"⌛ Validating tomyjerry.wlk","timeElapsed":228,"timestamp":"2024-08-26T23:59:56.880Z"}
{"level":"info","message":"⌛ Validating tomyjerry.wlk","timeElapsed":150,"timestamp":"2024-08-26T23:59:57.039Z"}
{"level":"info","message":"⌛ Validating tomyjerry.wlk","timeElapsed":154,"timestamp":"2024-08-26T23:59:57.195Z"}
{"level":"info","message":"⌛ Validating tomyjerry.wlk","timeElapsed":161,"timestamp":"2024-08-26T23:59:57.357Z"}
{"level":"info","message":"onRequest - completionItem/resolve","timestamp":"2024-08-26T23:59:57.357Z"}
{"level":"info","message":"⌛ Validating tomyjerry.wlk","timeElapsed":162,"timestamp":"2024-08-26T23:59:57.519Z"}
{"level":"info","message":"⌛ Validating tomyjerry.wlk","timeElapsed":182,"timestamp":"2024-08-26T23:59:57.701Z"}
{"level":"info","message":"⌛ Building environment","timeElapsed":255,"timestamp":"2024-08-26T23:59:57.958Z"}
{"level":"info","message":"⌛ Building environment","timeElapsed":123,"timestamp":"2024-08-26T23:59:58.123Z"}
{"level":"info","message":"⌛ Building environment","timeElapsed":110,"timestamp":"2024-08-26T23:59:58.234Z"}
{"level":"info","message":"⌛ Validating tomyjerry.wlk","timeElapsed":196,"timestamp":"2024-08-26T23:59:58.431Z"}
{"level":"info","message":"⌛ Building environment","timeElapsed":129,"timestamp":"2024-08-26T23:59:58.568Z"}
{"level":"info","message":"⌛ Validating tomyjerry.wlk","timeElapsed":181,"timestamp":"2024-08-26T23:59:58.788Z"}
{"level":"info","message":"⌛ Validating tomyjerry.wlk","timeElapsed":215,"timestamp":"2024-08-26T23:59:59.004Z"}
{"level":"info","message":"⌛ Building environment","timeElapsed":120,"timestamp":"2024-08-26T23:59:59.125Z"}
{"level":"info","message":"⌛ Building environment","timeElapsed":123,"timestamp":"2024-08-26T23:59:59.248Z"}
{"level":"info","message":"⌛ Validating tomyjerry.wlk","timeElapsed":160,"timestamp":"2024-08-26T23:59:59.410Z"}
{"level":"info","message":"⌛ Building environment","timeElapsed":180,"timestamp":"2024-08-26T23:59:59.593Z"}
{"level":"info","message":"⌛ Building environment","timeElapsed":117,"timestamp":"2024-08-26T23:59:59.711Z"}
{"level":"info","message":"⌛ Building environment","timeElapsed":219,"timestamp":"2024-08-27T00:00:00.062Z"}
{"level":"info","message":"⌛ Validating tomyjerry.wlk","timeElapsed":259,"timestamp":"2024-08-27T00:00:00.324Z"}
{"level":"info","message":"⌛ Validating tomyjerry.wlk","timeElapsed":159,"timestamp":"2024-08-27T00:00:00.485Z"}
{"level":"info","message":"⌛ Validating tomyjerry.wlk","timeElapsed":155,"timestamp":"2024-08-27T00:00:00.645Z"}
{"level":"info","message":"⌛ Validating tomyjerry.wlk","timeElapsed":160,"timestamp":"2024-08-27T00:00:00.805Z"}
{"level":"info","message":"⌛ Validating tomyjerry.wlk","timeElapsed":149,"timestamp":"2024-08-27T00:00:00.955Z"}
{"level":"info","message":"⌛ Validating tomyjerry.wlk","timeElapsed":147,"timestamp":"2024-08-27T00:00:01.104Z"}
{"level":"info","message":"⌛ Building environment","timeElapsed":159,"timestamp":"2024-08-27T00:00:07.219Z"}
{"level":"info","message":"⌛ Validating tomyjerry.wlk","timeElapsed":200,"timestamp":"2024-08-27T00:00:07.460Z"}
{"level":"info","message":"⌛ Building environment","timeElapsed":124,"timestamp":"2024-08-27T00:00:07.585Z"}
{"level":"info","message":"⌛ Validating tomyjerry.wlk","timeElapsed":216,"timestamp":"2024-08-27T00:00:07.945Z"}
{"level":"info","message":"⌛ Validating tomyjerry.wlk","timeElapsed":156,"timestamp":"2024-08-27T00:00:08.101Z"}
{"level":"info","message":"⌛ Building environment","timeElapsed":140,"timestamp":"2024-08-27T00:00:09.103Z"}
{"level":"error","message":"✘ Completions for node failed: Error: [Parameter]{8522fb} at tomyjerry.wlk:13 exhausted all cases without a match [Parameter]{8522fb} at tomyjerry.wlk:13 exhausted all cases without a match","stack":"Error: [Parameter]{8522fb} at tomyjerry.wlk:13 exhausted all cases without a match\n    at /home/pablo/.vscode/extensions/uqbar.wollok-lsp-ide-0.3.3/node_modules/wollok-ts/dist/extensions.js:85:11\n    at completionsForNode (/home/pablo/.vscode/extensions/uqbar.wollok-lsp-ide-0.3.3/server/out/functionalities/autocomplete/node-completion.js:10:44)\n    at /home/pablo/.vscode/extensions/uqbar.wollok-lsp-ide-0.3.3/server/out/functionalities/autocomplete/autocomplete.js:26:154\n    at /home/pablo/.vscode/extensions/uqbar.wollok-lsp-ide-0.3.3/server/out/server.js:198:20\n    at /home/pablo/.vscode/extensions/uqbar.wollok-lsp-ide-0.3.3/server/node_modules/vscode-languageserver/lib/common/server.js:593:20\n    at handleRequest (/home/pablo/.vscode/extensions/uqbar.wollok-lsp-ide-0.3.3/server/node_modules/vscode-jsonrpc/lib/common/connection.js:493:41)\n    at handleMessage (/home/pablo/.vscode/extensions/uqbar.wollok-lsp-ide-0.3.3/server/node_modules/vscode-jsonrpc/lib/common/connection.js:339:13)\n    at processMessageQueue (/home/pablo/.vscode/extensions/uqbar.wollok-lsp-ide-0.3.3/server/node_modules/vscode-jsonrpc/lib/common/connection.js:362:17)\n    at Immediate._onImmediate (/home/pablo/.vscode/extensions/uqbar.wollok-lsp-ide-0.3.3/server/node_modules/vscode-jsonrpc/lib/common/connection.js:334:13)\n    at process.processImmediate (node:internal/timers:478:21)","timestamp":"2024-08-27T00:00:09.150Z"}
{"level":"info","message":"⌛ Building environment","timeElapsed":107,"timestamp":"2024-08-27T00:00:09.267Z"}
{"level":"info","message":"⌛ Validating tomyjerry.wlk","timeElapsed":246,"timestamp":"2024-08-27T00:00:09.514Z"}
{"level":"info","message":"⌛ Building environment","timeElapsed":132,"timestamp":"2024-08-27T00:00:09.646Z"}
{"level":"info","message":"⌛ Validating tomyjerry.wlk","timeElapsed":190,"timestamp":"2024-08-27T00:00:09.837Z"}
{"level":"info","message":"⌛ Building environment","timeElapsed":104,"timestamp":"2024-08-27T00:00:09.942Z"}
{"level":"error","message":"✘ Completions for node failed: Error: [Parameter]{7d00a5} at tomyjerry.wlk:13 exhausted all cases without a match [Parameter]{7d00a5} at tomyjerry.wlk:13 exhausted all cases without a match","stack":"Error: [Parameter]{7d00a5} at tomyjerry.wlk:13 exhausted all cases without a match\n    at /home/pablo/.vscode/extensions/uqbar.wollok-lsp-ide-0.3.3/node_modules/wollok-ts/dist/extensions.js:85:11\n    at completionsForNode (/home/pablo/.vscode/extensions/uqbar.wollok-lsp-ide-0.3.3/server/out/functionalities/autocomplete/node-completion.js:10:44)\n    at /home/pablo/.vscode/extensions/uqbar.wollok-lsp-ide-0.3.3/server/out/functionalities/autocomplete/autocomplete.js:26:154\n    at /home/pablo/.vscode/extensions/uqbar.wollok-lsp-ide-0.3.3/server/out/server.js:198:20\n    at /home/pablo/.vscode/extensions/uqbar.wollok-lsp-ide-0.3.3/server/node_modules/vscode-languageserver/lib/common/server.js:593:20\n    at handleRequest (/home/pablo/.vscode/extensions/uqbar.wollok-lsp-ide-0.3.3/server/node_modules/vscode-jsonrpc/lib/common/connection.js:493:41)\n    at handleMessage (/home/pablo/.vscode/extensions/uqbar.wollok-lsp-ide-0.3.3/server/node_modules/vscode-jsonrpc/lib/common/connection.js:339:13)\n    at processMessageQueue (/home/pablo/.vscode/extensions/uqbar.wollok-lsp-ide-0.3.3/server/node_modules/vscode-jsonrpc/lib/common/connection.js:362:17)\n    at Immediate._onImmediate (/home/pablo/.vscode/extensions/uqbar.wollok-lsp-ide-0.3.3/server/node_modules/vscode-jsonrpc/lib/common/connection.js:334:13)\n    at process.processImmediate (node:internal/timers:478:21)","timestamp":"2024-08-27T00:00:09.977Z"}
{"level":"info","message":"⌛ Building environment","timeElapsed":205,"timestamp":"2024-08-27T00:00:10.186Z"}
{"level":"info","message":"⌛ Building environment","timeElapsed":128,"timestamp":"2024-08-27T00:00:10.438Z"}
{"level":"info","message":"⌛ Validating tomyjerry.wlk","timeElapsed":174,"timestamp":"2024-08-27T00:00:10.620Z"}
{"level":"info","message":"⌛ Building environment","timeElapsed":211,"timestamp":"2024-08-27T00:00:10.833Z"}
{"level":"info","message":"⌛ Building environment","timeElapsed":120,"timestamp":"2024-08-27T00:00:10.954Z"}
{"level":"info","message":"⌛ Validating tomyjerry.wlk","timeElapsed":191,"timestamp":"2024-08-27T00:00:11.146Z"}
{"level":"info","message":"⌛ Validating tomyjerry.wlk","timeElapsed":153,"timestamp":"2024-08-27T00:00:11.305Z"}
{"level":"info","message":"⌛ Validating tomyjerry.wlk","timeElapsed":155,"timestamp":"2024-08-27T00:00:11.461Z"}
{"level":"info","message":"⌛ Validating tomyjerry.wlk","timeElapsed":202,"timestamp":"2024-08-27T00:00:11.666Z"}
{"level":"info","message":"⌛ Validating tomyjerry.wlk","timeElapsed":198,"timestamp":"2024-08-27T00:00:11.866Z"}
{"level":"info","message":"⌛ Validating tomyjerry.wlk","timeElapsed":155,"timestamp":"2024-08-27T00:00:12.021Z"}
{"level":"info","message":"⌛ Building environment","timeElapsed":156,"timestamp":"2024-08-27T00:00:15.476Z"}
{"level":"info","message":"⌛ Building environment","timeElapsed":133,"timestamp":"2024-08-27T00:00:15.644Z"}
{"level":"info","message":"⌛ Validating tomyjerry.wlk","timeElapsed":228,"timestamp":"2024-08-27T00:00:15.874Z"}
{"level":"info","message":"onRequest - completionItem/resolve","timestamp":"2024-08-27T00:00:15.875Z"}
{"level":"info","message":"⌛ Building environment","timeElapsed":123,"timestamp":"2024-08-27T00:00:15.999Z"}
{"level":"info","message":"onRequest - completionItem/resolve","timestamp":"2024-08-27T00:00:16.009Z"}
{"level":"info","message":"⌛ Validating tomyjerry.wlk","timeElapsed":180,"timestamp":"2024-08-27T00:00:16.189Z"}
{"level":"info","message":"⌛ Building environment","timeElapsed":104,"timestamp":"2024-08-27T00:00:16.294Z"}
{"level":"info","message":"⌛ Building environment","timeElapsed":136,"timestamp":"2024-08-27T00:00:16.520Z"}
{"level":"info","message":"⌛ Building environment","timeElapsed":119,"timestamp":"2024-08-27T00:00:16.652Z"}
{"level":"info","message":"⌛ Validating tomyjerry.wlk","timeElapsed":208,"timestamp":"2024-08-27T00:00:16.869Z"}
{"level":"info","message":"⌛ Validating tomyjerry.wlk","timeElapsed":216,"timestamp":"2024-08-27T00:00:17.122Z"}
{"level":"info","message":"⌛ Building environment","timeElapsed":137,"timestamp":"2024-08-27T00:00:17.260Z"}
{"level":"info","message":"⌛ Building environment","timeElapsed":111,"timestamp":"2024-08-27T00:00:17.371Z"}
{"level":"info","message":"⌛ Validating tomyjerry.wlk","timeElapsed":188,"timestamp":"2024-08-27T00:00:17.570Z"}
{"level":"info","message":"⌛ Building environment","timeElapsed":300,"timestamp":"2024-08-27T00:00:17.873Z"}
{"level":"info","message":"⌛ Validating tomyjerry.wlk","timeElapsed":246,"timestamp":"2024-08-27T00:00:18.120Z"}
{"level":"info","message":"⌛ Building environment","timeElapsed":128,"timestamp":"2024-08-27T00:00:18.249Z"}
{"level":"info","message":"⌛ Building environment","timeElapsed":103,"timestamp":"2024-08-27T00:00:18.353Z"}
{"level":"info","message":"⌛ Building environment","timeElapsed":129,"timestamp":"2024-08-27T00:00:18.491Z"}
{"level":"info","message":"⌛ Validating tomyjerry.wlk","timeElapsed":429,"timestamp":"2024-08-27T00:00:18.954Z"}
{"level":"info","message":"⌛ Building environment","timeElapsed":146,"timestamp":"2024-08-27T00:00:19.101Z"}
{"level":"info","message":"⌛ Validating tomyjerry.wlk","timeElapsed":185,"timestamp":"2024-08-27T00:00:19.331Z"}
{"level":"info","message":"⌛ Building environment","timeElapsed":127,"timestamp":"2024-08-27T00:00:19.460Z"}
{"level":"info","message":"⌛ Building environment","timeElapsed":115,"timestamp":"2024-08-27T00:00:19.575Z"}
{"level":"info","message":"⌛ Building environment","timeElapsed":213,"timestamp":"2024-08-27T00:00:19.790Z"}
{"level":"info","message":"⌛ Building environment","timeElapsed":149,"timestamp":"2024-08-27T00:00:19.940Z"}
{"level":"info","message":"⌛ Building environment","timeElapsed":113,"timestamp":"2024-08-27T00:00:20.054Z"}
{"level":"info","message":"⌛ Validating tomyjerry.wlk","timeElapsed":197,"timestamp":"2024-08-27T00:00:20.251Z"}
{"level":"info","message":"⌛ Validating tomyjerry.wlk","timeElapsed":171,"timestamp":"2024-08-27T00:00:20.538Z"}
{"level":"info","message":"⌛ Validating tomyjerry.wlk","timeElapsed":258,"timestamp":"2024-08-27T00:00:20.796Z"}
{"level":"info","message":"⌛ Validating tomyjerry.wlk","timeElapsed":165,"timestamp":"2024-08-27T00:00:20.961Z"}
{"level":"info","message":"⌛ Building environment","timeElapsed":146,"timestamp":"2024-08-27T00:00:21.109Z"}
{"level":"info","message":"⌛ Building environment","timeElapsed":113,"timestamp":"2024-08-27T00:00:21.230Z"}
{"level":"info","message":"⌛ Building environment","timeElapsed":104,"timestamp":"2024-08-27T00:00:21.342Z"}
{"level":"info","message":"⌛ Validating tomyjerry.wlk","timeElapsed":264,"timestamp":"2024-08-27T00:00:21.821Z"}
{"level":"info","message":"⌛ Building environment","timeElapsed":154,"timestamp":"2024-08-27T00:00:21.976Z"}
{"level":"error","message":"✘ Completions for node failed: Error: [Return]{0910f1} at tomyjerry.wlk:14 exhausted all cases without a match [Return]{0910f1} at tomyjerry.wlk:14 exhausted all cases without a match","stack":"Error: [Return]{0910f1} at tomyjerry.wlk:14 exhausted all cases without a match\n    at /home/pablo/.vscode/extensions/uqbar.wollok-lsp-ide-0.3.3/node_modules/wollok-ts/dist/extensions.js:85:11\n    at completionsForNode (/home/pablo/.vscode/extensions/uqbar.wollok-lsp-ide-0.3.3/server/out/functionalities/autocomplete/node-completion.js:10:44)\n    at completeForParent (/home/pablo/.vscode/extensions/uqbar.wollok-lsp-ide-0.3.3/server/out/functionalities/autocomplete/node-completion.js:56:43)\n    at completeReference (/home/pablo/.vscode/extensions/uqbar.wollok-lsp-ide-0.3.3/server/out/functionalities/autocomplete/node-completion.js:64:135)\n    at /home/pablo/.vscode/extensions/uqbar.wollok-lsp-ide-0.3.3/node_modules/wollok-ts/dist/extensions.js:84:20\n    at completionsForNode (/home/pablo/.vscode/extensions/uqbar.wollok-lsp-ide-0.3.3/server/out/functionalities/autocomplete/node-completion.js:10:44)\n    at /home/pablo/.vscode/extensions/uqbar.wollok-lsp-ide-0.3.3/server/out/functionalities/autocomplete/autocomplete.js:26:154\n    at /home/pablo/.vscode/extensions/uqbar.wollok-lsp-ide-0.3.3/server/out/server.js:198:20\n    at /home/pablo/.vscode/extensions/uqbar.wollok-lsp-ide-0.3.3/server/node_modules/vscode-languageserver/lib/common/server.js:593:20\n    at handleRequest (/home/pablo/.vscode/extensions/uqbar.wollok-lsp-ide-0.3.3/server/node_modules/vscode-jsonrpc/lib/common/connection.js:493:41)","timestamp":"2024-08-27T00:00:22.016Z"}
{"level":"info","message":"⌛ Building environment","timeElapsed":105,"timestamp":"2024-08-27T00:00:22.125Z"}
{"level":"info","message":"⌛ Building environment","timeElapsed":109,"timestamp":"2024-08-27T00:00:22.235Z"}
{"level":"info","message":"⌛ Building environment","timeElapsed":106,"timestamp":"2024-08-27T00:00:22.341Z"}
{"level":"info","message":"⌛ Validating tomyjerry.wlk","timeElapsed":159,"timestamp":"2024-08-27T00:00:22.500Z"}
{"level":"info","message":"⌛ Validating tomyjerry.wlk","timeElapsed":160,"timestamp":"2024-08-27T00:00:22.660Z"}
{"level":"info","message":"⌛ Validating tomyjerry.wlk","timeElapsed":162,"timestamp":"2024-08-27T00:00:22.822Z"}
{"level":"info","message":"⌛ Building environment","timeElapsed":102,"timestamp":"2024-08-27T00:00:22.930Z"}
{"level":"info","message":"⌛ Validating tomyjerry.wlk","timeElapsed":161,"timestamp":"2024-08-27T00:00:23.092Z"}
{"level":"info","message":"⌛ Validating tomyjerry.wlk","timeElapsed":164,"timestamp":"2024-08-27T00:00:23.257Z"}
{"level":"info","message":"⌛ Building environment","timeElapsed":115,"timestamp":"2024-08-27T00:00:23.373Z"}
{"level":"info","message":"⌛ Validating tomyjerry.wlk","timeElapsed":160,"timestamp":"2024-08-27T00:00:23.541Z"}
{"level":"info","message":"⌛ Building environment","timeElapsed":103,"timestamp":"2024-08-27T00:00:23.644Z"}
{"level":"info","message":"⌛ Building environment","timeElapsed":107,"timestamp":"2024-08-27T00:00:23.752Z"}
{"level":"info","message":"⌛ Validating tomyjerry.wlk","timeElapsed":169,"timestamp":"2024-08-27T00:00:23.927Z"}
{"level":"info","message":"⌛ Validating tomyjerry.wlk","timeElapsed":165,"timestamp":"2024-08-27T00:00:24.092Z"}
{"level":"info","message":"⌛ Validating tomyjerry.wlk","timeElapsed":169,"timestamp":"2024-08-27T00:00:24.261Z"}
{"level":"info","message":"⌛ Validating tomyjerry.wlk","timeElapsed":155,"timestamp":"2024-08-27T00:00:24.419Z"}
{"level":"info","message":"⌛ Validating tomyjerry.wlk","timeElapsed":160,"timestamp":"2024-08-27T00:00:24.580Z"}
{"level":"info","message":"⌛ Validating tomyjerry.wlk","timeElapsed":174,"timestamp":"2024-08-27T00:00:24.754Z"}
{"level":"info","message":"⌛ Validating tomyjerry.wlk","timeElapsed":158,"timestamp":"2024-08-27T00:00:24.912Z"}
{"level":"info","message":"⌛ Validating tomyjerry.wlk","timeElapsed":154,"timestamp":"2024-08-27T00:00:25.066Z"}
{"level":"info","message":"⌛ Validating tomyjerry.wlk","timeElapsed":177,"timestamp":"2024-08-27T00:00:25.245Z"}
{"level":"info","message":"⌛ Validating tomyjerry.wlk","timeElapsed":169,"timestamp":"2024-08-27T00:00:25.414Z"}
{"level":"info","message":"⌛ Validating tomyjerry.wlk","timeElapsed":151,"timestamp":"2024-08-27T00:00:25.565Z"}
{"level":"info","message":"⌛ Validating tomyjerry.wlk","timeElapsed":159,"timestamp":"2024-08-27T00:00:25.725Z"}
{"level":"info","message":"⌛ Validating tomyjerry.wlk","timeElapsed":167,"timestamp":"2024-08-27T00:00:25.892Z"}
{"level":"info","message":"⌛ Building environment","timeElapsed":158,"timestamp":"2024-08-27T00:00:32.298Z"}
{"level":"info","message":"⌛ Validating tomyjerry.wlk","timeElapsed":161,"timestamp":"2024-08-27T00:00:32.461Z"}
{"level":"info","message":"⌛ Building environment","timeElapsed":114,"timestamp":"2024-08-27T00:00:32.800Z"}
{"level":"info","message":"⌛ Validating tomyjerry.wlk","timeElapsed":162,"timestamp":"2024-08-27T00:00:32.964Z"}
{"level":"info","message":"⌛ Building environment","timeElapsed":122,"timestamp":"2024-08-27T00:00:34.061Z"}
{"level":"info","message":"⌛ Validating tomyjerry.wlk","timeElapsed":206,"timestamp":"2024-08-27T00:00:34.311Z"}
{"level":"info","message":"⌛ Building environment","timeElapsed":137,"timestamp":"2024-08-27T00:00:34.449Z"}
{"level":"info","message":"onRequest - completionItem/resolve","timestamp":"2024-08-27T00:00:34.449Z"}
{"level":"info","message":"⌛ Building environment","timeElapsed":209,"timestamp":"2024-08-27T00:00:34.659Z"}
{"level":"info","message":"onRequest - completionItem/resolve","timestamp":"2024-08-27T00:00:34.659Z"}
{"level":"info","message":"⌛ Building environment","timeElapsed":252,"timestamp":"2024-08-27T00:00:34.912Z"}
{"level":"info","message":"onRequest - completionItem/resolve","timestamp":"2024-08-27T00:00:34.913Z"}
{"level":"info","message":"⌛ Building environment","timeElapsed":109,"timestamp":"2024-08-27T00:00:35.023Z"}
{"level":"info","message":"onRequest - completionItem/resolve","timestamp":"2024-08-27T00:00:35.023Z"}
{"level":"info","message":"⌛ Validating tomyjerry.wlk","timeElapsed":159,"timestamp":"2024-08-27T00:00:35.182Z"}
{"level":"info","message":"⌛ Building environment","timeElapsed":106,"timestamp":"2024-08-27T00:00:35.289Z"}
{"level":"info","message":"onRequest - completionItem/resolve","timestamp":"2024-08-27T00:00:35.289Z"}
{"level":"info","message":"⌛ Building environment","timeElapsed":113,"timestamp":"2024-08-27T00:00:35.403Z"}
{"level":"info","message":"onRequest - completionItem/resolve","timestamp":"2024-08-27T00:00:35.405Z"}
{"level":"info","message":"⌛ Validating tomyjerry.wlk","timeElapsed":158,"timestamp":"2024-08-27T00:00:35.563Z"}
{"level":"info","message":"⌛ Building environment","timeElapsed":108,"timestamp":"2024-08-27T00:00:35.671Z"}
{"level":"info","message":"onRequest - completionItem/resolve","timestamp":"2024-08-27T00:00:35.672Z"}
{"level":"info","message":"⌛ Building environment","timeElapsed":117,"timestamp":"2024-08-27T00:00:35.790Z"}
{"level":"info","message":"onRequest - completionItem/resolve","timestamp":"2024-08-27T00:00:35.790Z"}
{"level":"info","message":"⌛ Validating tomyjerry.wlk","timeElapsed":166,"timestamp":"2024-08-27T00:00:35.956Z"}
{"level":"info","message":"⌛ Validating tomyjerry.wlk","timeElapsed":177,"timestamp":"2024-08-27T00:00:36.134Z"}
{"level":"info","message":"⌛ Validating tomyjerry.wlk","timeElapsed":167,"timestamp":"2024-08-27T00:00:36.309Z"}
{"level":"info","message":"⌛ Validating tomyjerry.wlk","timeElapsed":160,"timestamp":"2024-08-27T00:00:36.469Z"}
{"level":"info","message":"⌛ Validating tomyjerry.wlk","timeElapsed":159,"timestamp":"2024-08-27T00:00:36.629Z"}
{"level":"info","message":"⌛ Validating tomyjerry.wlk","timeElapsed":166,"timestamp":"2024-08-27T00:00:36.795Z"}
{"level":"error","message":"✘ Failed to get type description: Error: Failed to print, found malformed node Failed to print, found malformed node","node":{"id":"d93cdc26-5052-431b-af11-132e2100361c","metadata":[],"problems":[{"code":"malformedSentence","sourceMap":{"end":{"column":45,"line":10,"offset":164},"start":{"column":11,"line":10,"offset":130}}}],"scope":{"containerScope":{"containerScope":{"containerScope":{"containerScope":{"contributions":{},"includedScopes":[]},"contributions":{},"includedScopes":[]},"contributions":{},"includedScopes":[{"containerScope":{"containerScope":{"containerScope":{"contributions":{},"includedScopes":[]},"contributions":{},"includedScopes":[]},"contributions":{},"includedScopes":[]},"contributions":{},"includedScopes":[]}]},"contributions":{},"includedScopes":[]},"contributions":{},"includedScopes":[]},"sentences":[{"id":"88aa1b2a-f1a6-4910-9187-5350229bc7d8","metadata":[],"name":"energia","scope":{"containerScope":{"containerScope":{"containerScope":{"containerScope":{"containerScope":{"contributions":{},"includedScopes":[]},"contributions":{},"includedScopes":[]},"contributions":{},"includedScopes":[{"containerScope":{"containerScope":{"containerScope":{"contributions":{},"includedScopes":[]},"contributions":{},"includedScopes":[]},"contributions":{},"includedScopes":[]},"contributions":{},"includedScopes":[]}]},"contributions":{},"includedScopes":[]},"contributions":{},"includedScopes":[]},"contributions":{},"includedScopes":[]},"sourceMap":{"end":{"column":10,"line":10,"offset":129},"start":{"column":3,"line":10,"offset":122}}}],"sourceMap":{"end":{"column":3,"line":11,"offset":168},"start":{"column":26,"line":9,"offset":118}}},"stack":"Error: Failed to print, found malformed node\n    at /home/pablo/.vscode/extensions/uqbar.wollok-lsp-ide-0.3.3/node_modules/wollok-ts/dist/printer/print.js:26:15\n    at /home/pablo/.vscode/extensions/uqbar.wollok-lsp-ide-0.3.3/node_modules/wollok-ts/dist/printer/print.js:66:44\n    at /home/pablo/.vscode/extensions/uqbar.wollok-lsp-ide-0.3.3/node_modules/wollok-ts/dist/extensions.js:84:20\n    at /home/pablo/.vscode/extensions/uqbar.wollok-lsp-ide-0.3.3/node_modules/wollok-ts/dist/printer/print.js:29:56\n    at print (/home/pablo/.vscode/extensions/uqbar.wollok-lsp-ide-0.3.3/node_modules/wollok-ts/dist/printer/print.js:19:7)\n    at /home/pablo/.vscode/extensions/uqbar.wollok-lsp-ide-0.3.3/server/out/functionalities/hover.js:24:50\n    at /home/pablo/.vscode/extensions/uqbar.wollok-lsp-ide-0.3.3/server/out/server.js:198:20\n    at /home/pablo/.vscode/extensions/uqbar.wollok-lsp-ide-0.3.3/server/node_modules/vscode-languageserver/lib/common/server.js:590:20\n    at handleRequest (/home/pablo/.vscode/extensions/uqbar.wollok-lsp-ide-0.3.3/server/node_modules/vscode-jsonrpc/lib/common/connection.js:493:41)\n    at handleMessage (/home/pablo/.vscode/extensions/uqbar.wollok-lsp-ide-0.3.3/server/node_modules/vscode-jsonrpc/lib/common/connection.js:339:13)","timestamp":"2024-08-27T00:00:36.828Z"}
{"level":"info","message":"onRequest - completionItem/resolve","timestamp":"2024-08-27T00:00:36.829Z"}
{"level":"info","message":"⌛ Building environment","timeElapsed":101,"timestamp":"2024-08-27T00:00:36.974Z"}
{"level":"info","message":"⌛ Validating tomyjerry.wlk","timeElapsed":158,"timestamp":"2024-08-27T00:00:37.142Z"}
{"level":"error","message":"✘ Failed to get type description: Error: Failed to print, found malformed node Failed to print, found malformed node","node":{"id":"78ee63c4-2f0f-4f7c-a0cc-a62d25c32a4e","metadata":[],"problems":[{"code":"malformedSentence","sourceMap":{"end":{"column":45,"line":10,"offset":164},"start":{"column":11,"line":10,"offset":130}}}],"scope":{"containerScope":{"containerScope":{"containerScope":{"containerScope":{"contributions":{},"includedScopes":[]},"contributions":{},"includedScopes":[]},"contributions":{},"includedScopes":[{"containerScope":{"containerScope":{"containerScope":{"contributions":{},"includedScopes":[]},"contributions":{},"includedScopes":[]},"contributions":{},"includedScopes":[]},"contributions":{},"includedScopes":[]}]},"contributions":{},"includedScopes":[]},"contributions":{},"includedScopes":[]},"sentences":[{"id":"f0df75ab-3db6-43ba-913a-48ed22da820c","metadata":[],"name":"energia","scope":{"containerScope":{"containerScope":{"containerScope":{"containerScope":{"containerScope":{"contributions":{},"includedScopes":[]},"contributions":{},"includedScopes":[]},"contributions":{},"includedScopes":[{"containerScope":{"containerScope":{"containerScope":{"contributions":{},"includedScopes":[]},"contributions":{},"includedScopes":[]},"contributions":{},"includedScopes":[]},"contributions":{},"includedScopes":[]}]},"contributions":{},"includedScopes":[]},"contributions":{},"includedScopes":[]},"contributions":{},"includedScopes":[]},"sourceMap":{"end":{"column":10,"line":10,"offset":129},"start":{"column":3,"line":10,"offset":122}}}],"sourceMap":{"end":{"column":3,"line":11,"offset":168},"start":{"column":26,"line":9,"offset":118}}},"stack":"Error: Failed to print, found malformed node\n    at /home/pablo/.vscode/extensions/uqbar.wollok-lsp-ide-0.3.3/node_modules/wollok-ts/dist/printer/print.js:26:15\n    at /home/pablo/.vscode/extensions/uqbar.wollok-lsp-ide-0.3.3/node_modules/wollok-ts/dist/printer/print.js:66:44\n    at /home/pablo/.vscode/extensions/uqbar.wollok-lsp-ide-0.3.3/node_modules/wollok-ts/dist/extensions.js:84:20\n    at /home/pablo/.vscode/extensions/uqbar.wollok-lsp-ide-0.3.3/node_modules/wollok-ts/dist/printer/print.js:29:56\n    at print (/home/pablo/.vscode/extensions/uqbar.wollok-lsp-ide-0.3.3/node_modules/wollok-ts/dist/printer/print.js:19:7)\n    at /home/pablo/.vscode/extensions/uqbar.wollok-lsp-ide-0.3.3/server/out/functionalities/hover.js:24:50\n    at /home/pablo/.vscode/extensions/uqbar.wollok-lsp-ide-0.3.3/server/out/server.js:198:20\n    at /home/pablo/.vscode/extensions/uqbar.wollok-lsp-ide-0.3.3/server/node_modules/vscode-languageserver/lib/common/server.js:590:20\n    at handleRequest (/home/pablo/.vscode/extensions/uqbar.wollok-lsp-ide-0.3.3/server/node_modules/vscode-jsonrpc/lib/common/connection.js:493:41)\n    at handleMessage (/home/pablo/.vscode/extensions/uqbar.wollok-lsp-ide-0.3.3/server/node_modules/vscode-jsonrpc/lib/common/connection.js:339:13)","timestamp":"2024-08-27T00:00:38.896Z"}
{"level":"info","message":"⌛ Building environment","timeElapsed":211,"timestamp":"2024-08-27T00:00:41.200Z"}
{"level":"info","message":"⌛ Validating tomyjerry.wlk","timeElapsed":169,"timestamp":"2024-08-27T00:00:41.390Z"}
{"level":"info","message":"⌛ Building environment","timeElapsed":140,"timestamp":"2024-08-27T00:00:43.593Z"}
{"level":"info","message":"⌛ Building environment","timeElapsed":114,"timestamp":"2024-08-27T00:00:43.708Z"}
{"level":"info","message":"⌛ Validating tomyjerry.wlk","timeElapsed":164,"timestamp":"2024-08-27T00:00:43.872Z"}
{"level":"info","message":"⌛ Validating tomyjerry.wlk","timeElapsed":174,"timestamp":"2024-08-27T00:00:44.048Z"}
{"level":"info","message":"⌛ Building environment","timeElapsed":106,"timestamp":"2024-08-27T00:00:44.161Z"}
{"level":"info","message":"⌛ Validating tomyjerry.wlk","timeElapsed":187,"timestamp":"2024-08-27T00:00:44.350Z"}
{"level":"info","message":"⌛ Building environment","timeElapsed":112,"timestamp":"2024-08-27T00:00:44.474Z"}
{"level":"info","message":"⌛ Validating tomyjerry.wlk","timeElapsed":174,"timestamp":"2024-08-27T00:00:44.657Z"}
{"level":"info","message":"⌛ Building environment","timeElapsed":208,"timestamp":"2024-08-27T00:03:06.630Z"}
{"level":"error","message":"✘ Completions for node failed: Error: [Send]{fd8123} at tomyjerry.wlk:-- exhausted all cases without a match [Send]{fd8123} at tomyjerry.wlk:-- exhausted all cases without a match","stack":"Error: [Send]{fd8123} at tomyjerry.wlk:-- exhausted all cases without a match\n    at /home/pablo/.vscode/extensions/uqbar.wollok-lsp-ide-0.3.3/node_modules/wollok-ts/dist/extensions.js:85:11\n    at completionsForNode (/home/pablo/.vscode/extensions/uqbar.wollok-lsp-ide-0.3.3/server/out/functionalities/autocomplete/node-completion.js:10:44)\n    at completeForParent (/home/pablo/.vscode/extensions/uqbar.wollok-lsp-ide-0.3.3/server/out/functionalities/autocomplete/node-completion.js:56:43)\n    at completeReference (/home/pablo/.vscode/extensions/uqbar.wollok-lsp-ide-0.3.3/server/out/functionalities/autocomplete/node-completion.js:64:135)\n    at /home/pablo/.vscode/extensions/uqbar.wollok-lsp-ide-0.3.3/node_modules/wollok-ts/dist/extensions.js:84:20\n    at completionsForNode (/home/pablo/.vscode/extensions/uqbar.wollok-lsp-ide-0.3.3/server/out/functionalities/autocomplete/node-completion.js:10:44)\n    at /home/pablo/.vscode/extensions/uqbar.wollok-lsp-ide-0.3.3/server/out/functionalities/autocomplete/autocomplete.js:26:154\n    at /home/pablo/.vscode/extensions/uqbar.wollok-lsp-ide-0.3.3/server/out/server.js:198:20\n    at /home/pablo/.vscode/extensions/uqbar.wollok-lsp-ide-0.3.3/server/node_modules/vscode-languageserver/lib/common/server.js:593:20\n    at handleRequest (/home/pablo/.vscode/extensions/uqbar.wollok-lsp-ide-0.3.3/server/node_modules/vscode-jsonrpc/lib/common/connection.js:493:41)","timestamp":"2024-08-27T00:03:06.673Z"}
{"level":"error","message":"✘ Completions for node failed: Error: [Assignment]{0d3a86} at tomyjerry.wlk:10 exhausted all cases without a match [Assignment]{0d3a86} at tomyjerry.wlk:10 exhausted all cases without a match","stack":"Error: [Assignment]{0d3a86} at tomyjerry.wlk:10 exhausted all cases without a match\n    at /home/pablo/.vscode/extensions/uqbar.wollok-lsp-ide-0.3.3/node_modules/wollok-ts/dist/extensions.js:85:11\n    at completionsForNode (/home/pablo/.vscode/extensions/uqbar.wollok-lsp-ide-0.3.3/server/out/functionalities/autocomplete/node-completion.js:10:44)\n    at completeForParent (/home/pablo/.vscode/extensions/uqbar.wollok-lsp-ide-0.3.3/server/out/functionalities/autocomplete/node-completion.js:56:43)\n    at completionsForNode (/home/pablo/.vscode/extensions/uqbar.wollok-lsp-ide-0.3.3/server/out/functionalities/autocomplete/node-completion.js:14:46)\n    at completeForParent (/home/pablo/.vscode/extensions/uqbar.wollok-lsp-ide-0.3.3/server/out/functionalities/autocomplete/node-completion.js:56:43)\n    at completeReference (/home/pablo/.vscode/extensions/uqbar.wollok-lsp-ide-0.3.3/server/out/functionalities/autocomplete/node-completion.js:64:135)\n    at /home/pablo/.vscode/extensions/uqbar.wollok-lsp-ide-0.3.3/node_modules/wollok-ts/dist/extensions.js:84:20\n    at completionsForNode (/home/pablo/.vscode/extensions/uqbar.wollok-lsp-ide-0.3.3/server/out/functionalities/autocomplete/node-completion.js:10:44)\n    at /home/pablo/.vscode/extensions/uqbar.wollok-lsp-ide-0.3.3/server/out/functionalities/autocomplete/autocomplete.js:26:154\n    at /home/pablo/.vscode/extensions/uqbar.wollok-lsp-ide-0.3.3/server/out/server.js:198:20","timestamp":"2024-08-27T00:03:06.674Z"}
{"level":"info","message":"⌛ Building environment","timeElapsed":137,"timestamp":"2024-08-27T00:03:06.816Z"}
{"level":"info","message":"⌛ Building environment","timeElapsed":187,"timestamp":"2024-08-27T00:03:07.005Z"}
{"level":"info","message":"⌛ Validating tomyjerry.wlk","timeElapsed":190,"timestamp":"2024-08-27T00:03:07.195Z"}
{"level":"info","message":"onRequest - completionItem/resolve","timestamp":"2024-08-27T00:03:07.196Z"}
{"level":"info","message":"⌛ Building environment","timeElapsed":120,"timestamp":"2024-08-27T00:03:07.316Z"}
{"level":"error","message":"✘ Completions for node failed: Error: [Send]{0057eb} at tomyjerry.wlk:-- exhausted all cases without a match [Send]{0057eb} at tomyjerry.wlk:-- exhausted all cases without a match","stack":"Error: [Send]{0057eb} at tomyjerry.wlk:-- exhausted all cases without a match\n    at /home/pablo/.vscode/extensions/uqbar.wollok-lsp-ide-0.3.3/node_modules/wollok-ts/dist/extensions.js:85:11\n    at completionsForNode (/home/pablo/.vscode/extensions/uqbar.wollok-lsp-ide-0.3.3/server/out/functionalities/autocomplete/node-completion.js:10:44)\n    at completeForParent (/home/pablo/.vscode/extensions/uqbar.wollok-lsp-ide-0.3.3/server/out/functionalities/autocomplete/node-completion.js:56:43)\n    at completeReference (/home/pablo/.vscode/extensions/uqbar.wollok-lsp-ide-0.3.3/server/out/functionalities/autocomplete/node-completion.js:64:135)\n    at /home/pablo/.vscode/extensions/uqbar.wollok-lsp-ide-0.3.3/node_modules/wollok-ts/dist/extensions.js:84:20\n    at completionsForNode (/home/pablo/.vscode/extensions/uqbar.wollok-lsp-ide-0.3.3/server/out/functionalities/autocomplete/node-completion.js:10:44)\n    at /home/pablo/.vscode/extensions/uqbar.wollok-lsp-ide-0.3.3/server/out/functionalities/autocomplete/autocomplete.js:26:154\n    at /home/pablo/.vscode/extensions/uqbar.wollok-lsp-ide-0.3.3/server/out/server.js:198:20\n    at /home/pablo/.vscode/extensions/uqbar.wollok-lsp-ide-0.3.3/server/node_modules/vscode-languageserver/lib/common/server.js:593:20\n    at handleRequest (/home/pablo/.vscode/extensions/uqbar.wollok-lsp-ide-0.3.3/server/node_modules/vscode-jsonrpc/lib/common/connection.js:493:41)","timestamp":"2024-08-27T00:03:07.351Z"}
{"level":"error","message":"✘ Completions for node failed: Error: [Assignment]{a54604} at tomyjerry.wlk:10 exhausted all cases without a match [Assignment]{a54604} at tomyjerry.wlk:10 exhausted all cases without a match","stack":"Error: [Assignment]{a54604} at tomyjerry.wlk:10 exhausted all cases without a match\n    at /home/pablo/.vscode/extensions/uqbar.wollok-lsp-ide-0.3.3/node_modules/wollok-ts/dist/extensions.js:85:11\n    at completionsForNode (/home/pablo/.vscode/extensions/uqbar.wollok-lsp-ide-0.3.3/server/out/functionalities/autocomplete/node-completion.js:10:44)\n    at completeForParent (/home/pablo/.vscode/extensions/uqbar.wollok-lsp-ide-0.3.3/server/out/functionalities/autocomplete/node-completion.js:56:43)\n    at completionsForNode (/home/pablo/.vscode/extensions/uqbar.wollok-lsp-ide-0.3.3/server/out/functionalities/autocomplete/node-completion.js:14:46)\n    at completeForParent (/home/pablo/.vscode/extensions/uqbar.wollok-lsp-ide-0.3.3/server/out/functionalities/autocomplete/node-completion.js:56:43)\n    at completeReference (/home/pablo/.vscode/extensions/uqbar.wollok-lsp-ide-0.3.3/server/out/functionalities/autocomplete/node-completion.js:64:135)\n    at /home/pablo/.vscode/extensions/uqbar.wollok-lsp-ide-0.3.3/node_modules/wollok-ts/dist/extensions.js:84:20\n    at completionsForNode (/home/pablo/.vscode/extensions/uqbar.wollok-lsp-ide-0.3.3/server/out/functionalities/autocomplete/node-completion.js:10:44)\n    at /home/pablo/.vscode/extensions/uqbar.wollok-lsp-ide-0.3.3/server/out/functionalities/autocomplete/autocomplete.js:26:154\n    at /home/pablo/.vscode/extensions/uqbar.wollok-lsp-ide-0.3.3/server/out/server.js:198:20","timestamp":"2024-08-27T00:03:07.351Z"}
{"level":"info","message":"⌛ Validating tomyjerry.wlk","timeElapsed":159,"timestamp":"2024-08-27T00:03:07.513Z"}
{"level":"info","message":"⌛ Validating tomyjerry.wlk","timeElapsed":202,"timestamp":"2024-08-27T00:03:07.720Z"}
{"level":"info","message":"⌛ Validating tomyjerry.wlk","timeElapsed":152,"timestamp":"2024-08-27T00:03:07.872Z"}
{"level":"info","message":"⌛ Building environment","timeElapsed":194,"timestamp":"2024-08-27T00:03:19.460Z"}
{"level":"info","message":"⌛ Validating tomyjerry.wlk","timeElapsed":205,"timestamp":"2024-08-27T00:03:19.667Z"}
{"level":"info","message":"⌛ Building environment","timeElapsed":195,"timestamp":"2024-08-27T00:03:29.864Z"}
{"level":"error","message":"✘ Completions for node failed: Error: [Send]{d86d23} at tomyjerry.wlk:-- exhausted all cases without a match [Send]{d86d23} at tomyjerry.wlk:-- exhausted all cases without a match","stack":"Error: [Send]{d86d23} at tomyjerry.wlk:-- exhausted all cases without a match\n    at /home/pablo/.vscode/extensions/uqbar.wollok-lsp-ide-0.3.3/node_modules/wollok-ts/dist/extensions.js:85:11\n    at completionsForNode (/home/pablo/.vscode/extensions/uqbar.wollok-lsp-ide-0.3.3/server/out/functionalities/autocomplete/node-completion.js:10:44)\n    at completeForParent (/home/pablo/.vscode/extensions/uqbar.wollok-lsp-ide-0.3.3/server/out/functionalities/autocomplete/node-completion.js:56:43)\n    at completeReference (/home/pablo/.vscode/extensions/uqbar.wollok-lsp-ide-0.3.3/server/out/functionalities/autocomplete/node-completion.js:64:135)\n    at /home/pablo/.vscode/extensions/uqbar.wollok-lsp-ide-0.3.3/node_modules/wollok-ts/dist/extensions.js:84:20\n    at completionsForNode (/home/pablo/.vscode/extensions/uqbar.wollok-lsp-ide-0.3.3/server/out/functionalities/autocomplete/node-completion.js:10:44)\n    at /home/pablo/.vscode/extensions/uqbar.wollok-lsp-ide-0.3.3/server/out/functionalities/autocomplete/autocomplete.js:26:154\n    at /home/pablo/.vscode/extensions/uqbar.wollok-lsp-ide-0.3.3/server/out/server.js:198:20\n    at /home/pablo/.vscode/extensions/uqbar.wollok-lsp-ide-0.3.3/server/node_modules/vscode-languageserver/lib/common/server.js:593:20\n    at handleRequest (/home/pablo/.vscode/extensions/uqbar.wollok-lsp-ide-0.3.3/server/node_modules/vscode-jsonrpc/lib/common/connection.js:493:41)","timestamp":"2024-08-27T00:03:29.903Z"}
{"level":"error","message":"✘ Completions for node failed: Error: [Assignment]{2c21ea} at tomyjerry.wlk:10 exhausted all cases without a match [Assignment]{2c21ea} at tomyjerry.wlk:10 exhausted all cases without a match","stack":"Error: [Assignment]{2c21ea} at tomyjerry.wlk:10 exhausted all cases without a match\n    at /home/pablo/.vscode/extensions/uqbar.wollok-lsp-ide-0.3.3/node_modules/wollok-ts/dist/extensions.js:85:11\n    at completionsForNode (/home/pablo/.vscode/extensions/uqbar.wollok-lsp-ide-0.3.3/server/out/functionalities/autocomplete/node-completion.js:10:44)\n    at completeForParent (/home/pablo/.vscode/extensions/uqbar.wollok-lsp-ide-0.3.3/server/out/functionalities/autocomplete/node-completion.js:56:43)\n    at completionsForNode (/home/pablo/.vscode/extensions/uqbar.wollok-lsp-ide-0.3.3/server/out/functionalities/autocomplete/node-completion.js:14:46)\n    at completeForParent (/home/pablo/.vscode/extensions/uqbar.wollok-lsp-ide-0.3.3/server/out/functionalities/autocomplete/node-completion.js:56:43)\n    at completeReference (/home/pablo/.vscode/extensions/uqbar.wollok-lsp-ide-0.3.3/server/out/functionalities/autocomplete/node-completion.js:64:135)\n    at /home/pablo/.vscode/extensions/uqbar.wollok-lsp-ide-0.3.3/node_modules/wollok-ts/dist/extensions.js:84:20\n    at completionsForNode (/home/pablo/.vscode/extensions/uqbar.wollok-lsp-ide-0.3.3/server/out/functionalities/autocomplete/node-completion.js:10:44)\n    at /home/pablo/.vscode/extensions/uqbar.wollok-lsp-ide-0.3.3/server/out/functionalities/autocomplete/autocomplete.js:26:154\n    at /home/pablo/.vscode/extensions/uqbar.wollok-lsp-ide-0.3.3/server/out/server.js:198:20","timestamp":"2024-08-27T00:03:29.903Z"}
{"level":"info","message":"⌛ Validating tomyjerry.wlk","timeElapsed":199,"timestamp":"2024-08-27T00:03:30.106Z"}
{"level":"info","message":"onRequest - completionItem/resolve","timestamp":"2024-08-27T00:03:30.106Z"}
{"level":"info","message":"⌛ Building environment","timeElapsed":113,"timestamp":"2024-08-27T00:03:30.247Z"}
{"level":"info","message":"⌛ Validating tomyjerry.wlk","timeElapsed":274,"timestamp":"2024-08-27T00:03:30.535Z"}
{"level":"info","message":"⌛ Building environment","timeElapsed":114,"timestamp":"2024-08-27T00:03:30.651Z"}
{"level":"error","message":"✘ Completions for node failed: Error: [Send]{a4c074} at tomyjerry.wlk:-- exhausted all cases without a match [Send]{a4c074} at tomyjerry.wlk:-- exhausted all cases without a match","stack":"Error: [Send]{a4c074} at tomyjerry.wlk:-- exhausted all cases without a match\n    at /home/pablo/.vscode/extensions/uqbar.wollok-lsp-ide-0.3.3/node_modules/wollok-ts/dist/extensions.js:85:11\n    at completionsForNode (/home/pablo/.vscode/extensions/uqbar.wollok-lsp-ide-0.3.3/server/out/functionalities/autocomplete/node-completion.js:10:44)\n    at completeForParent (/home/pablo/.vscode/extensions/uqbar.wollok-lsp-ide-0.3.3/server/out/functionalities/autocomplete/node-completion.js:56:43)\n    at completeReference (/home/pablo/.vscode/extensions/uqbar.wollok-lsp-ide-0.3.3/server/out/functionalities/autocomplete/node-completion.js:64:135)\n    at /home/pablo/.vscode/extensions/uqbar.wollok-lsp-ide-0.3.3/node_modules/wollok-ts/dist/extensions.js:84:20\n    at completionsForNode (/home/pablo/.vscode/extensions/uqbar.wollok-lsp-ide-0.3.3/server/out/functionalities/autocomplete/node-completion.js:10:44)\n    at /home/pablo/.vscode/extensions/uqbar.wollok-lsp-ide-0.3.3/server/out/functionalities/autocomplete/autocomplete.js:26:154\n    at /home/pablo/.vscode/extensions/uqbar.wollok-lsp-ide-0.3.3/server/out/server.js:198:20\n    at /home/pablo/.vscode/extensions/uqbar.wollok-lsp-ide-0.3.3/server/node_modules/vscode-languageserver/lib/common/server.js:593:20\n    at handleRequest (/home/pablo/.vscode/extensions/uqbar.wollok-lsp-ide-0.3.3/server/node_modules/vscode-jsonrpc/lib/common/connection.js:493:41)","timestamp":"2024-08-27T00:03:30.692Z"}
{"level":"error","message":"✘ Completions for node failed: Error: [Assignment]{40d6c0} at tomyjerry.wlk:10 exhausted all cases without a match [Assignment]{40d6c0} at tomyjerry.wlk:10 exhausted all cases without a match","stack":"Error: [Assignment]{40d6c0} at tomyjerry.wlk:10 exhausted all cases without a match\n    at /home/pablo/.vscode/extensions/uqbar.wollok-lsp-ide-0.3.3/node_modules/wollok-ts/dist/extensions.js:85:11\n    at completionsForNode (/home/pablo/.vscode/extensions/uqbar.wollok-lsp-ide-0.3.3/server/out/functionalities/autocomplete/node-completion.js:10:44)\n    at completeForParent (/home/pablo/.vscode/extensions/uqbar.wollok-lsp-ide-0.3.3/server/out/functionalities/autocomplete/node-completion.js:56:43)\n    at completionsForNode (/home/pablo/.vscode/extensions/uqbar.wollok-lsp-ide-0.3.3/server/out/functionalities/autocomplete/node-completion.js:14:46)\n    at completeForParent (/home/pablo/.vscode/extensions/uqbar.wollok-lsp-ide-0.3.3/server/out/functionalities/autocomplete/node-completion.js:56:43)\n    at completeReference (/home/pablo/.vscode/extensions/uqbar.wollok-lsp-ide-0.3.3/server/out/functionalities/autocomplete/node-completion.js:64:135)\n    at /home/pablo/.vscode/extensions/uqbar.wollok-lsp-ide-0.3.3/node_modules/wollok-ts/dist/extensions.js:84:20\n    at completionsForNode (/home/pablo/.vscode/extensions/uqbar.wollok-lsp-ide-0.3.3/server/out/functionalities/autocomplete/node-completion.js:10:44)\n    at /home/pablo/.vscode/extensions/uqbar.wollok-lsp-ide-0.3.3/server/out/functionalities/autocomplete/autocomplete.js:26:154\n    at /home/pablo/.vscode/extensions/uqbar.wollok-lsp-ide-0.3.3/server/out/server.js:198:20","timestamp":"2024-08-27T00:03:30.692Z"}
{"level":"info","message":"⌛ Building environment","timeElapsed":116,"timestamp":"2024-08-27T00:03:30.815Z"}
{"level":"info","message":"⌛ Building environment","timeElapsed":133,"timestamp":"2024-08-27T00:03:30.948Z"}
{"level":"info","message":"⌛ Building environment","timeElapsed":108,"timestamp":"2024-08-27T00:03:31.057Z"}
{"level":"info","message":"⌛ Validating tomyjerry.wlk","timeElapsed":164,"timestamp":"2024-08-27T00:03:31.221Z"}
{"level":"info","message":"onRequest - completionItem/resolve","timestamp":"2024-08-27T00:03:31.222Z"}
{"level":"info","message":"⌛ Validating tomyjerry.wlk","timeElapsed":161,"timestamp":"2024-08-27T00:03:31.383Z"}
{"level":"info","message":"⌛ Validating tomyjerry.wlk","timeElapsed":154,"timestamp":"2024-08-27T00:03:31.544Z"}
{"level":"info","message":"⌛ Validating tomyjerry.wlk","timeElapsed":169,"timestamp":"2024-08-27T00:03:31.715Z"}
{"level":"info","message":"⌛ Building environment","timeElapsed":103,"timestamp":"2024-08-27T00:03:31.833Z"}
{"level":"info","message":"⌛ Validating tomyjerry.wlk","timeElapsed":185,"timestamp":"2024-08-27T00:03:32.063Z"}
{"level":"info","message":"onRequest - completionItem/resolve","timestamp":"2024-08-27T00:03:32.064Z"}
{"level":"info","message":"⌛ Building environment","timeElapsed":115,"timestamp":"2024-08-27T00:03:32.180Z"}
{"level":"info","message":"onRequest - completionItem/resolve","timestamp":"2024-08-27T00:03:32.180Z"}
{"level":"info","message":"⌛ Building environment","timeElapsed":142,"timestamp":"2024-08-27T00:03:32.328Z"}
{"level":"info","message":"onRequest - completionItem/resolve","timestamp":"2024-08-27T00:03:32.329Z"}
{"level":"info","message":"⌛ Validating tomyjerry.wlk","timeElapsed":189,"timestamp":"2024-08-27T00:03:32.518Z"}
{"level":"info","message":"⌛ Building environment","timeElapsed":154,"timestamp":"2024-08-27T00:03:32.672Z"}
{"level":"info","message":"onRequest - completionItem/resolve","timestamp":"2024-08-27T00:03:32.673Z"}
{"level":"info","message":"⌛ Building environment","timeElapsed":114,"timestamp":"2024-08-27T00:03:32.788Z"}
{"level":"info","message":"onRequest - completionItem/resolve","timestamp":"2024-08-27T00:03:32.788Z"}
{"level":"info","message":"⌛ Validating tomyjerry.wlk","timeElapsed":176,"timestamp":"2024-08-27T00:03:32.964Z"}
{"level":"info","message":"⌛ Validating tomyjerry.wlk","timeElapsed":169,"timestamp":"2024-08-27T00:03:33.139Z"}
{"level":"info","message":"⌛ Validating tomyjerry.wlk","timeElapsed":163,"timestamp":"2024-08-27T00:03:33.302Z"}
{"level":"info","message":"onRequest - completionItem/resolve","timestamp":"2024-08-27T00:03:33.315Z"}
{"level":"info","message":"⌛ Building environment","timeElapsed":124,"timestamp":"2024-08-27T00:03:33.604Z"}
{"level":"info","message":"⌛ Validating tomyjerry.wlk","timeElapsed":160,"timestamp":"2024-08-27T00:03:33.765Z"}
{"level":"info","message":"⌛ Building environment","timeElapsed":138,"timestamp":"2024-08-27T00:03:37.367Z"}
{"level":"info","message":"⌛ Validating tomyjerry.wlk","timeElapsed":159,"timestamp":"2024-08-27T00:03:37.528Z"}
{"level":"info","message":"⌛ Building environment","timeElapsed":157,"timestamp":"2024-08-27T00:03:49.683Z"}
{"level":"info","message":"⌛ Validating tomyjerry.wlk","timeElapsed":169,"timestamp":"2024-08-27T00:03:49.853Z"}
{"level":"info","message":"⌛ Building environment","timeElapsed":127,"timestamp":"2024-08-27T00:04:07.301Z"}
{"level":"info","message":"⌛ Validating tomyjerry.wlk","timeElapsed":204,"timestamp":"2024-08-27T00:04:07.518Z"}
{"level":"info","message":"⌛ Building environment","timeElapsed":155,"timestamp":"2024-08-27T00:04:08.472Z"}
{"level":"error","message":"✘ Completions for node failed: Error: [Send]{456307} at tomyjerry.wlk:10 exhausted all cases without a match [Send]{456307} at tomyjerry.wlk:10 exhausted all cases without a match","stack":"Error: [Send]{456307} at tomyjerry.wlk:10 exhausted all cases without a match\n    at /home/pablo/.vscode/extensions/uqbar.wollok-lsp-ide-0.3.3/node_modules/wollok-ts/dist/extensions.js:85:11\n    at completionsForNode (/home/pablo/.vscode/extensions/uqbar.wollok-lsp-ide-0.3.3/server/out/functionalities/autocomplete/node-completion.js:10:44)\n    at completeForParent (/home/pablo/.vscode/extensions/uqbar.wollok-lsp-ide-0.3.3/server/out/functionalities/autocomplete/node-completion.js:56:43)\n    at completeReference (/home/pablo/.vscode/extensions/uqbar.wollok-lsp-ide-0.3.3/server/out/functionalities/autocomplete/node-completion.js:64:135)\n    at /home/pablo/.vscode/extensions/uqbar.wollok-lsp-ide-0.3.3/node_modules/wollok-ts/dist/extensions.js:84:20\n    at completionsForNode (/home/pablo/.vscode/extensions/uqbar.wollok-lsp-ide-0.3.3/server/out/functionalities/autocomplete/node-completion.js:10:44)\n    at /home/pablo/.vscode/extensions/uqbar.wollok-lsp-ide-0.3.3/server/out/functionalities/autocomplete/autocomplete.js:26:154\n    at /home/pablo/.vscode/extensions/uqbar.wollok-lsp-ide-0.3.3/server/out/server.js:198:20\n    at /home/pablo/.vscode/extensions/uqbar.wollok-lsp-ide-0.3.3/server/node_modules/vscode-languageserver/lib/common/server.js:593:20\n    at handleRequest (/home/pablo/.vscode/extensions/uqbar.wollok-lsp-ide-0.3.3/server/node_modules/vscode-jsonrpc/lib/common/connection.js:493:41)","timestamp":"2024-08-27T00:04:08.505Z"}
{"level":"error","message":"✘ Completions for node failed: Error: [Send]{48b0d0} at tomyjerry.wlk:-- exhausted all cases without a match [Send]{48b0d0} at tomyjerry.wlk:-- exhausted all cases without a match","stack":"Error: [Send]{48b0d0} at tomyjerry.wlk:-- exhausted all cases without a match\n    at /home/pablo/.vscode/extensions/uqbar.wollok-lsp-ide-0.3.3/node_modules/wollok-ts/dist/extensions.js:85:11\n    at completionsForNode (/home/pablo/.vscode/extensions/uqbar.wollok-lsp-ide-0.3.3/server/out/functionalities/autocomplete/node-completion.js:10:44)\n    at completeForParent (/home/pablo/.vscode/extensions/uqbar.wollok-lsp-ide-0.3.3/server/out/functionalities/autocomplete/node-completion.js:56:43)\n    at completionsForNode (/home/pablo/.vscode/extensions/uqbar.wollok-lsp-ide-0.3.3/server/out/functionalities/autocomplete/node-completion.js:14:46)\n    at completeForParent (/home/pablo/.vscode/extensions/uqbar.wollok-lsp-ide-0.3.3/server/out/functionalities/autocomplete/node-completion.js:56:43)\n    at completeReference (/home/pablo/.vscode/extensions/uqbar.wollok-lsp-ide-0.3.3/server/out/functionalities/autocomplete/node-completion.js:64:135)\n    at /home/pablo/.vscode/extensions/uqbar.wollok-lsp-ide-0.3.3/node_modules/wollok-ts/dist/extensions.js:84:20\n    at completionsForNode (/home/pablo/.vscode/extensions/uqbar.wollok-lsp-ide-0.3.3/server/out/functionalities/autocomplete/node-completion.js:10:44)\n    at /home/pablo/.vscode/extensions/uqbar.wollok-lsp-ide-0.3.3/server/out/functionalities/autocomplete/autocomplete.js:26:154\n    at /home/pablo/.vscode/extensions/uqbar.wollok-lsp-ide-0.3.3/server/out/server.js:198:20","timestamp":"2024-08-27T00:04:08.505Z"}
{"level":"error","message":"✘ Completions for node failed: Error: [Assignment]{9b26c8} at tomyjerry.wlk:10 exhausted all cases without a match [Assignment]{9b26c8} at tomyjerry.wlk:10 exhausted all cases without a match","stack":"Error: [Assignment]{9b26c8} at tomyjerry.wlk:10 exhausted all cases without a match\n    at /home/pablo/.vscode/extensions/uqbar.wollok-lsp-ide-0.3.3/node_modules/wollok-ts/dist/extensions.js:85:11\n    at completionsForNode (/home/pablo/.vscode/extensions/uqbar.wollok-lsp-ide-0.3.3/server/out/functionalities/autocomplete/node-completion.js:10:44)\n    at completeForParent (/home/pablo/.vscode/extensions/uqbar.wollok-lsp-ide-0.3.3/server/out/functionalities/autocomplete/node-completion.js:56:43)\n    at completionsForNode (/home/pablo/.vscode/extensions/uqbar.wollok-lsp-ide-0.3.3/server/out/functionalities/autocomplete/node-completion.js:14:46)\n    at completeForParent (/home/pablo/.vscode/extensions/uqbar.wollok-lsp-ide-0.3.3/server/out/functionalities/autocomplete/node-completion.js:56:43)\n    at completionsForNode (/home/pablo/.vscode/extensions/uqbar.wollok-lsp-ide-0.3.3/server/out/functionalities/autocomplete/node-completion.js:14:46)\n    at completeForParent (/home/pablo/.vscode/extensions/uqbar.wollok-lsp-ide-0.3.3/server/out/functionalities/autocomplete/node-completion.js:56:43)\n    at completeReference (/home/pablo/.vscode/extensions/uqbar.wollok-lsp-ide-0.3.3/server/out/functionalities/autocomplete/node-completion.js:64:135)\n    at /home/pablo/.vscode/extensions/uqbar.wollok-lsp-ide-0.3.3/node_modules/wollok-ts/dist/extensions.js:84:20\n    at completionsForNode (/home/pablo/.vscode/extensions/uqbar.wollok-lsp-ide-0.3.3/server/out/functionalities/autocomplete/node-completion.js:10:44)","timestamp":"2024-08-27T00:04:08.505Z"}
{"level":"info","message":"⌛ Building environment","timeElapsed":144,"timestamp":"2024-08-27T00:04:08.655Z"}
{"level":"info","message":"⌛ Validating tomyjerry.wlk","timeElapsed":210,"timestamp":"2024-08-27T00:04:08.866Z"}
{"level":"info","message":"⌛ Building environment","timeElapsed":131,"timestamp":"2024-08-27T00:04:08.998Z"}
{"level":"info","message":"⌛ Building environment","timeElapsed":105,"timestamp":"2024-08-27T00:04:09.110Z"}
{"level":"info","message":"onRequest - completionItem/resolve","timestamp":"2024-08-27T00:04:09.123Z"}
{"level":"info","message":"⌛ Validating tomyjerry.wlk","timeElapsed":158,"timestamp":"2024-08-27T00:04:09.282Z"}
{"level":"info","message":"⌛ Building environment","timeElapsed":122,"timestamp":"2024-08-27T00:04:09.405Z"}
{"level":"info","message":"onRequest - completionItem/resolve","timestamp":"2024-08-27T00:04:09.406Z"}
{"level":"info","message":"⌛ Building environment","timeElapsed":102,"timestamp":"2024-08-27T00:04:09.509Z"}
{"level":"info","message":"onRequest - completionItem/resolve","timestamp":"2024-08-27T00:04:09.519Z"}
{"level":"info","message":"⌛ Validating tomyjerry.wlk","timeElapsed":151,"timestamp":"2024-08-27T00:04:09.671Z"}
{"level":"info","message":"⌛ Validating tomyjerry.wlk","timeElapsed":150,"timestamp":"2024-08-27T00:04:09.822Z"}
{"level":"info","message":"⌛ Validating tomyjerry.wlk","timeElapsed":156,"timestamp":"2024-08-27T00:04:09.984Z"}
{"level":"info","message":"⌛ Validating tomyjerry.wlk","timeElapsed":158,"timestamp":"2024-08-27T00:04:10.142Z"}
{"level":"info","message":"⌛ Building environment","timeElapsed":103,"timestamp":"2024-08-27T00:04:10.824Z"}
{"level":"info","message":"onRequest - completionItem/resolve","timestamp":"2024-08-27T00:04:10.831Z"}
{"level":"info","message":"⌛ Validating tomyjerry.wlk","timeElapsed":172,"timestamp":"2024-08-27T00:04:11.004Z"}
{"level":"info","message":"⌛ Building environment","timeElapsed":119,"timestamp":"2024-08-27T00:04:11.123Z"}
{"level":"info","message":"⌛ Validating tomyjerry.wlk","timeElapsed":156,"timestamp":"2024-08-27T00:04:11.388Z"}
{"level":"info","message":"⌛ Validating tomyjerry.wlk","timeElapsed":162,"timestamp":"2024-08-27T00:04:11.551Z"}
{"level":"info","message":"⌛ Building environment","timeElapsed":160,"timestamp":"2024-08-27T00:04:12.783Z"}
{"level":"info","message":"⌛ Validating tomyjerry.wlk","timeElapsed":160,"timestamp":"2024-08-27T00:04:12.943Z"}
{"level":"info","message":"⌛ Building environment","timeElapsed":168,"timestamp":"2024-08-27T00:04:17.618Z"}
{"level":"info","message":"⌛ Validating tomyjerry.wlk","timeElapsed":185,"timestamp":"2024-08-27T00:04:17.805Z"}
{"level":"info","message":"⌛ Validating tomyjerry.wlk","timeElapsed":160,"timestamp":"2024-08-27T00:04:18.084Z"}
{"level":"info","message":"⌛ Building environment","timeElapsed":111,"timestamp":"2024-08-27T00:04:18.997Z"}
{"level":"info","message":"⌛ Validating tomyjerry.wlk","timeElapsed":160,"timestamp":"2024-08-27T00:04:19.158Z"}
{"level":"info","message":"⌛ Building environment","timeElapsed":167,"timestamp":"2024-08-27T00:04:28.103Z"}
{"level":"error","message":"✘ Completions for node failed: Error: [Send]{8f1df5} at tomyjerry.wlk:30 exhausted all cases without a match [Send]{8f1df5} at tomyjerry.wlk:30 exhausted all cases without a match","stack":"Error: [Send]{8f1df5} at tomyjerry.wlk:30 exhausted all cases without a match\n    at /home/pablo/.vscode/extensions/uqbar.wollok-lsp-ide-0.3.3/node_modules/wollok-ts/dist/extensions.js:85:11\n    at completionsForNode (/home/pablo/.vscode/extensions/uqbar.wollok-lsp-ide-0.3.3/server/out/functionalities/autocomplete/node-completion.js:10:44)\n    at completeForParent (/home/pablo/.vscode/extensions/uqbar.wollok-lsp-ide-0.3.3/server/out/functionalities/autocomplete/node-completion.js:56:43)\n    at completeReference (/home/pablo/.vscode/extensions/uqbar.wollok-lsp-ide-0.3.3/server/out/functionalities/autocomplete/node-completion.js:64:135)\n    at /home/pablo/.vscode/extensions/uqbar.wollok-lsp-ide-0.3.3/node_modules/wollok-ts/dist/extensions.js:84:20\n    at completionsForNode (/home/pablo/.vscode/extensions/uqbar.wollok-lsp-ide-0.3.3/server/out/functionalities/autocomplete/node-completion.js:10:44)\n    at /home/pablo/.vscode/extensions/uqbar.wollok-lsp-ide-0.3.3/server/out/functionalities/autocomplete/autocomplete.js:26:154\n    at /home/pablo/.vscode/extensions/uqbar.wollok-lsp-ide-0.3.3/server/out/server.js:198:20\n    at /home/pablo/.vscode/extensions/uqbar.wollok-lsp-ide-0.3.3/server/node_modules/vscode-languageserver/lib/common/server.js:593:20\n    at handleRequest (/home/pablo/.vscode/extensions/uqbar.wollok-lsp-ide-0.3.3/server/node_modules/vscode-jsonrpc/lib/common/connection.js:493:41)","timestamp":"2024-08-27T00:04:28.153Z"}
{"level":"error","message":"✘ Completions for node failed: Error: [Send]{17ebcf} at tomyjerry.wlk:30 exhausted all cases without a match [Send]{17ebcf} at tomyjerry.wlk:30 exhausted all cases without a match","stack":"Error: [Send]{17ebcf} at tomyjerry.wlk:30 exhausted all cases without a match\n    at /home/pablo/.vscode/extensions/uqbar.wollok-lsp-ide-0.3.3/node_modules/wollok-ts/dist/extensions.js:85:11\n    at completionsForNode (/home/pablo/.vscode/extensions/uqbar.wollok-lsp-ide-0.3.3/server/out/functionalities/autocomplete/node-completion.js:10:44)\n    at completeForParent (/home/pablo/.vscode/extensions/uqbar.wollok-lsp-ide-0.3.3/server/out/functionalities/autocomplete/node-completion.js:56:43)\n    at completionsForNode (/home/pablo/.vscode/extensions/uqbar.wollok-lsp-ide-0.3.3/server/out/functionalities/autocomplete/node-completion.js:14:46)\n    at completeForParent (/home/pablo/.vscode/extensions/uqbar.wollok-lsp-ide-0.3.3/server/out/functionalities/autocomplete/node-completion.js:56:43)\n    at completeReference (/home/pablo/.vscode/extensions/uqbar.wollok-lsp-ide-0.3.3/server/out/functionalities/autocomplete/node-completion.js:64:135)\n    at /home/pablo/.vscode/extensions/uqbar.wollok-lsp-ide-0.3.3/node_modules/wollok-ts/dist/extensions.js:84:20\n    at completionsForNode (/home/pablo/.vscode/extensions/uqbar.wollok-lsp-ide-0.3.3/server/out/functionalities/autocomplete/node-completion.js:10:44)\n    at /home/pablo/.vscode/extensions/uqbar.wollok-lsp-ide-0.3.3/server/out/functionalities/autocomplete/autocomplete.js:26:154\n    at /home/pablo/.vscode/extensions/uqbar.wollok-lsp-ide-0.3.3/server/out/server.js:198:20","timestamp":"2024-08-27T00:04:28.154Z"}
{"level":"error","message":"✘ Completions for node failed: Error: [Return]{3da91e} at tomyjerry.wlk:30 exhausted all cases without a match [Return]{3da91e} at tomyjerry.wlk:30 exhausted all cases without a match","stack":"Error: [Return]{3da91e} at tomyjerry.wlk:30 exhausted all cases without a match\n    at /home/pablo/.vscode/extensions/uqbar.wollok-lsp-ide-0.3.3/node_modules/wollok-ts/dist/extensions.js:85:11\n    at completionsForNode (/home/pablo/.vscode/extensions/uqbar.wollok-lsp-ide-0.3.3/server/out/functionalities/autocomplete/node-completion.js:10:44)\n    at completeForParent (/home/pablo/.vscode/extensions/uqbar.wollok-lsp-ide-0.3.3/server/out/functionalities/autocomplete/node-completion.js:56:43)\n    at completionsForNode (/home/pablo/.vscode/extensions/uqbar.wollok-lsp-ide-0.3.3/server/out/functionalities/autocomplete/node-completion.js:14:46)\n    at completeForParent (/home/pablo/.vscode/extensions/uqbar.wollok-lsp-ide-0.3.3/server/out/functionalities/autocomplete/node-completion.js:56:43)\n    at completionsForNode (/home/pablo/.vscode/extensions/uqbar.wollok-lsp-ide-0.3.3/server/out/functionalities/autocomplete/node-completion.js:14:46)\n    at completeForParent (/home/pablo/.vscode/extensions/uqbar.wollok-lsp-ide-0.3.3/server/out/functionalities/autocomplete/node-completion.js:56:43)\n    at completeReference (/home/pablo/.vscode/extensions/uqbar.wollok-lsp-ide-0.3.3/server/out/functionalities/autocomplete/node-completion.js:64:135)\n    at /home/pablo/.vscode/extensions/uqbar.wollok-lsp-ide-0.3.3/node_modules/wollok-ts/dist/extensions.js:84:20\n    at completionsForNode (/home/pablo/.vscode/extensions/uqbar.wollok-lsp-ide-0.3.3/server/out/functionalities/autocomplete/node-completion.js:10:44)","timestamp":"2024-08-27T00:04:28.154Z"}
{"level":"info","message":"⌛ Building environment","timeElapsed":124,"timestamp":"2024-08-27T00:04:28.292Z"}
{"level":"info","message":"⌛ Validating tomyjerry.wlk","timeElapsed":205,"timestamp":"2024-08-27T00:04:28.498Z"}
{"level":"info","message":"⌛ Building environment","timeElapsed":128,"timestamp":"2024-08-27T00:04:28.626Z"}
{"level":"info","message":"onRequest - completionItem/resolve","timestamp":"2024-08-27T00:04:28.641Z"}
{"level":"info","message":"⌛ Validating tomyjerry.wlk","timeElapsed":233,"timestamp":"2024-08-27T00:04:28.876Z"}
{"level":"info","message":"⌛ Building environment","timeElapsed":187,"timestamp":"2024-08-27T00:04:29.072Z"}
{"level":"error","message":"✘ Completions for node failed: Error: [Send]{b4d386} at tomyjerry.wlk:30 exhausted all cases without a match [Send]{b4d386} at tomyjerry.wlk:30 exhausted all cases without a match","stack":"Error: [Send]{b4d386} at tomyjerry.wlk:30 exhausted all cases without a match\n    at /home/pablo/.vscode/extensions/uqbar.wollok-lsp-ide-0.3.3/node_modules/wollok-ts/dist/extensions.js:85:11\n    at completionsForNode (/home/pablo/.vscode/extensions/uqbar.wollok-lsp-ide-0.3.3/server/out/functionalities/autocomplete/node-completion.js:10:44)\n    at completeForParent (/home/pablo/.vscode/extensions/uqbar.wollok-lsp-ide-0.3.3/server/out/functionalities/autocomplete/node-completion.js:56:43)\n    at completeReference (/home/pablo/.vscode/extensions/uqbar.wollok-lsp-ide-0.3.3/server/out/functionalities/autocomplete/node-completion.js:64:135)\n    at /home/pablo/.vscode/extensions/uqbar.wollok-lsp-ide-0.3.3/node_modules/wollok-ts/dist/extensions.js:84:20\n    at completionsForNode (/home/pablo/.vscode/extensions/uqbar.wollok-lsp-ide-0.3.3/server/out/functionalities/autocomplete/node-completion.js:10:44)\n    at /home/pablo/.vscode/extensions/uqbar.wollok-lsp-ide-0.3.3/server/out/functionalities/autocomplete/autocomplete.js:26:154\n    at /home/pablo/.vscode/extensions/uqbar.wollok-lsp-ide-0.3.3/server/out/server.js:198:20\n    at /home/pablo/.vscode/extensions/uqbar.wollok-lsp-ide-0.3.3/server/node_modules/vscode-languageserver/lib/common/server.js:593:20\n    at handleRequest (/home/pablo/.vscode/extensions/uqbar.wollok-lsp-ide-0.3.3/server/node_modules/vscode-jsonrpc/lib/common/connection.js:493:41)","timestamp":"2024-08-27T00:04:29.122Z"}
{"level":"error","message":"✘ Completions for node failed: Error: [Send]{0ec1cd} at tomyjerry.wlk:30 exhausted all cases without a match [Send]{0ec1cd} at tomyjerry.wlk:30 exhausted all cases without a match","stack":"Error: [Send]{0ec1cd} at tomyjerry.wlk:30 exhausted all cases without a match\n    at /home/pablo/.vscode/extensions/uqbar.wollok-lsp-ide-0.3.3/node_modules/wollok-ts/dist/extensions.js:85:11\n    at completionsForNode (/home/pablo/.vscode/extensions/uqbar.wollok-lsp-ide-0.3.3/server/out/functionalities/autocomplete/node-completion.js:10:44)\n    at completeForParent (/home/pablo/.vscode/extensions/uqbar.wollok-lsp-ide-0.3.3/server/out/functionalities/autocomplete/node-completion.js:56:43)\n    at completionsForNode (/home/pablo/.vscode/extensions/uqbar.wollok-lsp-ide-0.3.3/server/out/functionalities/autocomplete/node-completion.js:14:46)\n    at completeForParent (/home/pablo/.vscode/extensions/uqbar.wollok-lsp-ide-0.3.3/server/out/functionalities/autocomplete/node-completion.js:56:43)\n    at completeReference (/home/pablo/.vscode/extensions/uqbar.wollok-lsp-ide-0.3.3/server/out/functionalities/autocomplete/node-completion.js:64:135)\n    at /home/pablo/.vscode/extensions/uqbar.wollok-lsp-ide-0.3.3/node_modules/wollok-ts/dist/extensions.js:84:20\n    at completionsForNode (/home/pablo/.vscode/extensions/uqbar.wollok-lsp-ide-0.3.3/server/out/functionalities/autocomplete/node-completion.js:10:44)\n    at /home/pablo/.vscode/extensions/uqbar.wollok-lsp-ide-0.3.3/server/out/functionalities/autocomplete/autocomplete.js:26:154\n    at /home/pablo/.vscode/extensions/uqbar.wollok-lsp-ide-0.3.3/server/out/server.js:198:20","timestamp":"2024-08-27T00:04:29.123Z"}
{"level":"error","message":"✘ Completions for node failed: Error: [Return]{d84ccc} at tomyjerry.wlk:30 exhausted all cases without a match [Return]{d84ccc} at tomyjerry.wlk:30 exhausted all cases without a match","stack":"Error: [Return]{d84ccc} at tomyjerry.wlk:30 exhausted all cases without a match\n    at /home/pablo/.vscode/extensions/uqbar.wollok-lsp-ide-0.3.3/node_modules/wollok-ts/dist/extensions.js:85:11\n    at completionsForNode (/home/pablo/.vscode/extensions/uqbar.wollok-lsp-ide-0.3.3/server/out/functionalities/autocomplete/node-completion.js:10:44)\n    at completeForParent (/home/pablo/.vscode/extensions/uqbar.wollok-lsp-ide-0.3.3/server/out/functionalities/autocomplete/node-completion.js:56:43)\n    at completionsForNode (/home/pablo/.vscode/extensions/uqbar.wollok-lsp-ide-0.3.3/server/out/functionalities/autocomplete/node-completion.js:14:46)\n    at completeForParent (/home/pablo/.vscode/extensions/uqbar.wollok-lsp-ide-0.3.3/server/out/functionalities/autocomplete/node-completion.js:56:43)\n    at completionsForNode (/home/pablo/.vscode/extensions/uqbar.wollok-lsp-ide-0.3.3/server/out/functionalities/autocomplete/node-completion.js:14:46)\n    at completeForParent (/home/pablo/.vscode/extensions/uqbar.wollok-lsp-ide-0.3.3/server/out/functionalities/autocomplete/node-completion.js:56:43)\n    at completeReference (/home/pablo/.vscode/extensions/uqbar.wollok-lsp-ide-0.3.3/server/out/functionalities/autocomplete/node-completion.js:64:135)\n    at /home/pablo/.vscode/extensions/uqbar.wollok-lsp-ide-0.3.3/node_modules/wollok-ts/dist/extensions.js:84:20\n    at completionsForNode (/home/pablo/.vscode/extensions/uqbar.wollok-lsp-ide-0.3.3/server/out/functionalities/autocomplete/node-completion.js:10:44)","timestamp":"2024-08-27T00:04:29.123Z"}
{"level":"info","message":"⌛ Validating tomyjerry.wlk","timeElapsed":197,"timestamp":"2024-08-27T00:04:29.327Z"}
{"level":"info","message":"⌛ Building environment","timeElapsed":290,"timestamp":"2024-08-27T00:04:29.620Z"}
{"level":"info","message":"⌛ Validating tomyjerry.wlk","timeElapsed":244,"timestamp":"2024-08-27T00:04:29.909Z"}
{"level":"info","message":"⌛ Validating tomyjerry.wlk","timeElapsed":196,"timestamp":"2024-08-27T00:04:30.106Z"}
{"level":"info","message":"onRequest - completionItem/resolve","timestamp":"2024-08-27T00:04:30.107Z"}
{"level":"info","message":"onRequest - completionItem/resolve","timestamp":"2024-08-27T00:04:47.252Z"}
{"level":"info","message":"onRequest - completionItem/resolve","timestamp":"2024-08-27T00:04:47.314Z"}
{"level":"info","message":"onRequest - completionItem/resolve","timestamp":"2024-08-27T00:04:47.480Z"}
{"level":"info","message":"onRequest - completionItem/resolve","timestamp":"2024-08-27T00:04:47.620Z"}
{"level":"info","message":"onRequest - completionItem/resolve","timestamp":"2024-08-27T00:04:48.099Z"}
{"level":"info","message":"⌛ Building environment","timeElapsed":205,"timestamp":"2024-08-27T00:04:48.540Z"}
{"level":"info","message":"⌛ Validating tomyjerry.wlk","timeElapsed":242,"timestamp":"2024-08-27T00:04:48.784Z"}
{"level":"info","message":"⌛ Building environment","timeElapsed":161,"timestamp":"2024-08-27T00:04:57.006Z"}
{"level":"info","message":"⌛ Building environment","timeElapsed":153,"timestamp":"2024-08-27T00:04:57.159Z"}
{"level":"info","message":"⌛ Validating tomyjerry.wlk","timeElapsed":236,"timestamp":"2024-08-27T00:04:57.396Z"}
{"level":"info","message":"⌛ Validating tomyjerry.wlk","timeElapsed":219,"timestamp":"2024-08-27T00:04:57.620Z"}
{"level":"info","message":"⌛ Building environment","timeElapsed":171,"timestamp":"2024-08-27T00:04:57.799Z"}
{"level":"info","message":"⌛ Building environment","timeElapsed":181,"timestamp":"2024-08-27T00:04:57.989Z"}
{"level":"info","message":"⌛ Validating tomyjerry.wlk","timeElapsed":230,"timestamp":"2024-08-27T00:04:58.230Z"}
{"level":"info","message":"⌛ Validating tomyjerry.wlk","timeElapsed":244,"timestamp":"2024-08-27T00:04:58.474Z"}
{"level":"info","message":"⌛ Building environment","timeElapsed":182,"timestamp":"2024-08-27T00:06:32.869Z"}
{"level":"info","message":"⌛ Validating tomyjerry.wlk","timeElapsed":224,"timestamp":"2024-08-27T00:06:33.096Z"}
{"level":"info","message":"⌛ Building environment","timeElapsed":180,"timestamp":"2024-08-27T00:06:33.277Z"}
{"level":"info","message":"⌛ Validating tomyjerry.wlk","timeElapsed":178,"timestamp":"2024-08-27T00:06:33.474Z"}
{"level":"info","message":"⌛ Building environment","timeElapsed":125,"timestamp":"2024-08-27T00:06:34.272Z"}
{"level":"info","message":"⌛ Validating tomyjerry.wlk","timeElapsed":166,"timestamp":"2024-08-27T00:06:34.440Z"}
{"level":"info","message":"⌛ Building environment","timeElapsed":157,"timestamp":"2024-08-27T00:06:35.317Z"}
{"level":"info","message":"⌛ Building environment","timeElapsed":121,"timestamp":"2024-08-27T00:06:35.496Z"}
{"level":"info","message":"⌛ Building environment","timeElapsed":122,"timestamp":"2024-08-27T00:06:35.619Z"}
{"level":"info","message":"⌛ Validating tomyjerry.wlk","timeElapsed":239,"timestamp":"2024-08-27T00:06:35.859Z"}
{"level":"info","message":"onRequest - completionItem/resolve","timestamp":"2024-08-27T00:06:35.862Z"}
{"level":"info","message":"⌛ Validating tomyjerry.wlk","timeElapsed":181,"timestamp":"2024-08-27T00:06:36.043Z"}
{"level":"info","message":"⌛ Validating tomyjerry.wlk","timeElapsed":252,"timestamp":"2024-08-27T00:06:36.302Z"}
{"level":"info","message":"⌛ Building environment","timeElapsed":151,"timestamp":"2024-08-27T00:06:36.455Z"}
{"level":"info","message":"⌛ Building environment","timeElapsed":162,"timestamp":"2024-08-27T00:06:36.665Z"}
{"level":"info","message":"⌛ Building environment","timeElapsed":133,"timestamp":"2024-08-27T00:06:36.847Z"}
{"level":"info","message":"⌛ Validating tomyjerry.wlk","timeElapsed":246,"timestamp":"2024-08-27T00:06:37.093Z"}
{"level":"info","message":"⌛ Building environment","timeElapsed":122,"timestamp":"2024-08-27T00:06:37.217Z"}
{"level":"info","message":"⌛ Validating tomyjerry.wlk","timeElapsed":163,"timestamp":"2024-08-27T00:06:37.496Z"}
{"level":"info","message":"onRequest - completionItem/resolve","timestamp":"2024-08-27T00:06:37.496Z"}
{"level":"info","message":"⌛ Building environment","timeElapsed":121,"timestamp":"2024-08-27T00:06:37.618Z"}
{"level":"info","message":"onRequest - completionItem/resolve","timestamp":"2024-08-27T00:06:37.618Z"}
{"level":"info","message":"⌛ Validating tomyjerry.wlk","timeElapsed":175,"timestamp":"2024-08-27T00:06:37.793Z"}
{"level":"info","message":"⌛ Building environment","timeElapsed":115,"timestamp":"2024-08-27T00:06:37.908Z"}
{"level":"info","message":"onRequest - completionItem/resolve","timestamp":"2024-08-27T00:06:37.909Z"}
{"level":"info","message":"⌛ Building environment","timeElapsed":133,"timestamp":"2024-08-27T00:06:38.043Z"}
{"level":"info","message":"onRequest - completionItem/resolve","timestamp":"2024-08-27T00:06:38.043Z"}
{"level":"info","message":"⌛ Validating tomyjerry.wlk","timeElapsed":161,"timestamp":"2024-08-27T00:06:38.210Z"}
{"level":"info","message":"⌛ Validating tomyjerry.wlk","timeElapsed":157,"timestamp":"2024-08-27T00:06:38.369Z"}
{"level":"info","message":"⌛ Building environment","timeElapsed":101,"timestamp":"2024-08-27T00:06:38.470Z"}
{"level":"info","message":"⌛ Validating tomyjerry.wlk","timeElapsed":167,"timestamp":"2024-08-27T00:06:38.677Z"}
{"level":"info","message":"⌛ Building environment","timeElapsed":114,"timestamp":"2024-08-27T00:06:38.791Z"}
{"level":"info","message":"⌛ Building environment","timeElapsed":105,"timestamp":"2024-08-27T00:06:38.897Z"}
{"level":"info","message":"⌛ Validating tomyjerry.wlk","timeElapsed":180,"timestamp":"2024-08-27T00:06:39.086Z"}
{"level":"info","message":"⌛ Validating tomyjerry.wlk","timeElapsed":174,"timestamp":"2024-08-27T00:06:39.261Z"}
{"level":"info","message":"⌛ Validating tomyjerry.wlk","timeElapsed":187,"timestamp":"2024-08-27T00:06:39.455Z"}
{"level":"info","message":"⌛ Building environment","timeElapsed":119,"timestamp":"2024-08-27T00:06:39.575Z"}
{"level":"info","message":"⌛ Validating tomyjerry.wlk","timeElapsed":162,"timestamp":"2024-08-27T00:06:39.877Z"}
{"level":"info","message":"⌛ Validating tomyjerry.wlk","timeElapsed":150,"timestamp":"2024-08-27T00:06:40.029Z"}
{"level":"info","message":"⌛ Building environment","timeElapsed":104,"timestamp":"2024-08-27T00:06:40.134Z"}
{"level":"info","message":"⌛ Building environment","timeElapsed":118,"timestamp":"2024-08-27T00:06:40.253Z"}
{"level":"info","message":"⌛ Building environment","timeElapsed":182,"timestamp":"2024-08-27T00:06:40.436Z"}
{"level":"info","message":"⌛ Building environment","timeElapsed":228,"timestamp":"2024-08-27T00:06:40.775Z"}
{"level":"info","message":"⌛ Validating tomyjerry.wlk","timeElapsed":187,"timestamp":"2024-08-27T00:06:40.963Z"}
{"level":"info","message":"⌛ Validating tomyjerry.wlk","timeElapsed":170,"timestamp":"2024-08-27T00:06:41.140Z"}
{"level":"info","message":"⌛ Validating tomyjerry.wlk","timeElapsed":155,"timestamp":"2024-08-27T00:06:41.295Z"}
{"level":"info","message":"⌛ Building environment","timeElapsed":117,"timestamp":"2024-08-27T00:06:41.413Z"}
{"level":"info","message":"⌛ Validating tomyjerry.wlk","timeElapsed":192,"timestamp":"2024-08-27T00:06:41.648Z"}
{"level":"info","message":"⌛ Building environment","timeElapsed":111,"timestamp":"2024-08-27T00:06:41.759Z"}
{"level":"info","message":"⌛ Validating tomyjerry.wlk","timeElapsed":167,"timestamp":"2024-08-27T00:06:41.927Z"}
{"level":"info","message":"⌛ Validating tomyjerry.wlk","timeElapsed":151,"timestamp":"2024-08-27T00:06:42.078Z"}
{"level":"info","message":"⌛ Validating tomyjerry.wlk","timeElapsed":153,"timestamp":"2024-08-27T00:06:42.237Z"}
{"level":"info","message":"⌛ Building environment","timeElapsed":103,"timestamp":"2024-08-27T00:06:42.341Z"}
{"level":"info","message":"⌛ Validating tomyjerry.wlk","timeElapsed":152,"timestamp":"2024-08-27T00:06:42.500Z"}
{"level":"info","message":"⌛ Building environment","timeElapsed":105,"timestamp":"2024-08-27T00:06:42.606Z"}
{"level":"error","message":"✘ Completions for node failed: Error: [Parameter]{ae19f2} at tomyjerry.wlk:13 exhausted all cases without a match [Parameter]{ae19f2} at tomyjerry.wlk:13 exhausted all cases without a match","stack":"Error: [Parameter]{ae19f2} at tomyjerry.wlk:13 exhausted all cases without a match\n    at /home/pablo/.vscode/extensions/uqbar.wollok-lsp-ide-0.3.3/node_modules/wollok-ts/dist/extensions.js:85:11\n    at completionsForNode (/home/pablo/.vscode/extensions/uqbar.wollok-lsp-ide-0.3.3/server/out/functionalities/autocomplete/node-completion.js:10:44)\n    at /home/pablo/.vscode/extensions/uqbar.wollok-lsp-ide-0.3.3/server/out/functionalities/autocomplete/autocomplete.js:26:154\n    at /home/pablo/.vscode/extensions/uqbar.wollok-lsp-ide-0.3.3/server/out/server.js:198:20\n    at /home/pablo/.vscode/extensions/uqbar.wollok-lsp-ide-0.3.3/server/node_modules/vscode-languageserver/lib/common/server.js:593:20\n    at handleRequest (/home/pablo/.vscode/extensions/uqbar.wollok-lsp-ide-0.3.3/server/node_modules/vscode-jsonrpc/lib/common/connection.js:493:41)\n    at handleMessage (/home/pablo/.vscode/extensions/uqbar.wollok-lsp-ide-0.3.3/server/node_modules/vscode-jsonrpc/lib/common/connection.js:339:13)\n    at processMessageQueue (/home/pablo/.vscode/extensions/uqbar.wollok-lsp-ide-0.3.3/server/node_modules/vscode-jsonrpc/lib/common/connection.js:362:17)\n    at Immediate._onImmediate (/home/pablo/.vscode/extensions/uqbar.wollok-lsp-ide-0.3.3/server/node_modules/vscode-jsonrpc/lib/common/connection.js:334:13)\n    at process.processImmediate (node:internal/timers:478:21)","timestamp":"2024-08-27T00:06:42.633Z"}
{"level":"info","message":"⌛ Building environment","timeElapsed":104,"timestamp":"2024-08-27T00:06:42.741Z"}
{"level":"info","message":"⌛ Building environment","timeElapsed":112,"timestamp":"2024-08-27T00:06:42.853Z"}
{"level":"info","message":"⌛ Validating tomyjerry.wlk","timeElapsed":166,"timestamp":"2024-08-27T00:06:43.019Z"}
{"level":"info","message":"⌛ Building environment","timeElapsed":199,"timestamp":"2024-08-27T00:06:43.218Z"}
{"level":"info","message":"⌛ Validating tomyjerry.wlk","timeElapsed":174,"timestamp":"2024-08-27T00:06:43.402Z"}
{"level":"info","message":"⌛ Validating tomyjerry.wlk","timeElapsed":154,"timestamp":"2024-08-27T00:06:43.556Z"}
{"level":"info","message":"⌛ Validating tomyjerry.wlk","timeElapsed":149,"timestamp":"2024-08-27T00:06:43.708Z"}
{"level":"info","message":"⌛ Validating tomyjerry.wlk","timeElapsed":148,"timestamp":"2024-08-27T00:06:43.856Z"}
{"level":"info","message":"⌛ Validating tomyjerry.wlk","timeElapsed":152,"timestamp":"2024-08-27T00:06:44.008Z"}
{"level":"info","message":"⌛ Building environment","timeElapsed":166,"timestamp":"2024-08-27T00:06:49.115Z"}
{"level":"info","message":"⌛ Validating tomyjerry.wlk","timeElapsed":161,"timestamp":"2024-08-27T00:06:49.276Z"}
{"level":"info","message":"⌛ Building environment","timeElapsed":170,"timestamp":"2024-08-27T00:06:52.780Z"}
{"level":"info","message":"⌛ Building environment","timeElapsed":127,"timestamp":"2024-08-27T00:06:52.943Z"}
{"level":"info","message":"⌛ Validating tomyjerry.wlk","timeElapsed":196,"timestamp":"2024-08-27T00:06:53.140Z"}
{"level":"info","message":"⌛ Building environment","timeElapsed":108,"timestamp":"2024-08-27T00:06:53.250Z"}
{"level":"info","message":"onRequest - completionItem/resolve","timestamp":"2024-08-27T00:06:53.259Z"}
{"level":"info","message":"⌛ Building environment","timeElapsed":110,"timestamp":"2024-08-27T00:06:53.369Z"}
{"level":"info","message":"⌛ Validating tomyjerry.wlk","timeElapsed":161,"timestamp":"2024-08-27T00:06:53.539Z"}
{"level":"info","message":"⌛ Building environment","timeElapsed":119,"timestamp":"2024-08-27T00:06:53.693Z"}
{"level":"info","message":"⌛ Building environment","timeElapsed":112,"timestamp":"2024-08-27T00:06:53.805Z"}
{"level":"info","message":"⌛ Validating tomyjerry.wlk","timeElapsed":175,"timestamp":"2024-08-27T00:06:53.980Z"}
{"level":"info","message":"⌛ Validating tomyjerry.wlk","timeElapsed":163,"timestamp":"2024-08-27T00:06:54.143Z"}
{"level":"info","message":"⌛ Building environment","timeElapsed":107,"timestamp":"2024-08-27T00:06:54.260Z"}
{"level":"info","message":"⌛ Validating tomyjerry.wlk","timeElapsed":161,"timestamp":"2024-08-27T00:06:54.430Z"}
{"level":"info","message":"⌛ Validating tomyjerry.wlk","timeElapsed":165,"timestamp":"2024-08-27T00:06:54.596Z"}
{"level":"info","message":"⌛ Building environment","timeElapsed":107,"timestamp":"2024-08-27T00:06:54.710Z"}
{"level":"info","message":"⌛ Building environment","timeElapsed":113,"timestamp":"2024-08-27T00:06:54.824Z"}
{"level":"info","message":"⌛ Validating tomyjerry.wlk","timeElapsed":167,"timestamp":"2024-08-27T00:06:54.992Z"}
{"level":"info","message":"⌛ Validating tomyjerry.wlk","timeElapsed":168,"timestamp":"2024-08-27T00:06:55.166Z"}
{"level":"info","message":"⌛ Validating tomyjerry.wlk","timeElapsed":160,"timestamp":"2024-08-27T00:06:55.329Z"}
{"level":"info","message":"⌛ Building environment","timeElapsed":109,"timestamp":"2024-08-27T00:06:55.438Z"}
{"level":"info","message":"⌛ Validating tomyjerry.wlk","timeElapsed":177,"timestamp":"2024-08-27T00:06:55.621Z"}
{"level":"info","message":"⌛ Building environment","timeElapsed":112,"timestamp":"2024-08-27T00:06:55.734Z"}
{"level":"info","message":"⌛ Validating tomyjerry.wlk","timeElapsed":160,"timestamp":"2024-08-27T00:06:55.901Z"}
{"level":"info","message":"⌛ Building environment","timeElapsed":173,"timestamp":"2024-08-27T00:06:59.842Z"}
{"level":"info","message":"⌛ Validating tomyjerry.wlk","timeElapsed":205,"timestamp":"2024-08-27T00:07:00.062Z"}
{"level":"info","message":"⌛ Building environment","timeElapsed":134,"timestamp":"2024-08-27T00:07:00.204Z"}
{"level":"error","message":"✘ Completions for node failed: Error: [Send]{0ab14e} at tomyjerry.wlk:-- exhausted all cases without a match [Send]{0ab14e} at tomyjerry.wlk:-- exhausted all cases without a match","stack":"Error: [Send]{0ab14e} at tomyjerry.wlk:-- exhausted all cases without a match\n    at /home/pablo/.vscode/extensions/uqbar.wollok-lsp-ide-0.3.3/node_modules/wollok-ts/dist/extensions.js:85:11\n    at completionsForNode (/home/pablo/.vscode/extensions/uqbar.wollok-lsp-ide-0.3.3/server/out/functionalities/autocomplete/node-completion.js:10:44)\n    at completeForParent (/home/pablo/.vscode/extensions/uqbar.wollok-lsp-ide-0.3.3/server/out/functionalities/autocomplete/node-completion.js:56:43)\n    at completeReference (/home/pablo/.vscode/extensions/uqbar.wollok-lsp-ide-0.3.3/server/out/functionalities/autocomplete/node-completion.js:64:135)\n    at /home/pablo/.vscode/extensions/uqbar.wollok-lsp-ide-0.3.3/node_modules/wollok-ts/dist/extensions.js:84:20\n    at completionsForNode (/home/pablo/.vscode/extensions/uqbar.wollok-lsp-ide-0.3.3/server/out/functionalities/autocomplete/node-completion.js:10:44)\n    at /home/pablo/.vscode/extensions/uqbar.wollok-lsp-ide-0.3.3/server/out/functionalities/autocomplete/autocomplete.js:26:154\n    at /home/pablo/.vscode/extensions/uqbar.wollok-lsp-ide-0.3.3/server/out/server.js:198:20\n    at /home/pablo/.vscode/extensions/uqbar.wollok-lsp-ide-0.3.3/server/node_modules/vscode-languageserver/lib/common/server.js:593:20\n    at handleRequest (/home/pablo/.vscode/extensions/uqbar.wollok-lsp-ide-0.3.3/server/node_modules/vscode-jsonrpc/lib/common/connection.js:493:41)","timestamp":"2024-08-27T00:07:00.238Z"}
{"level":"error","message":"✘ Completions for node failed: Error: [Assignment]{adad35} at tomyjerry.wlk:6 exhausted all cases without a match [Assignment]{adad35} at tomyjerry.wlk:6 exhausted all cases without a match","stack":"Error: [Assignment]{adad35} at tomyjerry.wlk:6 exhausted all cases without a match\n    at /home/pablo/.vscode/extensions/uqbar.wollok-lsp-ide-0.3.3/node_modules/wollok-ts/dist/extensions.js:85:11\n    at completionsForNode (/home/pablo/.vscode/extensions/uqbar.wollok-lsp-ide-0.3.3/server/out/functionalities/autocomplete/node-completion.js:10:44)\n    at completeForParent (/home/pablo/.vscode/extensions/uqbar.wollok-lsp-ide-0.3.3/server/out/functionalities/autocomplete/node-completion.js:56:43)\n    at completionsForNode (/home/pablo/.vscode/extensions/uqbar.wollok-lsp-ide-0.3.3/server/out/functionalities/autocomplete/node-completion.js:14:46)\n    at completeForParent (/home/pablo/.vscode/extensions/uqbar.wollok-lsp-ide-0.3.3/server/out/functionalities/autocomplete/node-completion.js:56:43)\n    at completeReference (/home/pablo/.vscode/extensions/uqbar.wollok-lsp-ide-0.3.3/server/out/functionalities/autocomplete/node-completion.js:64:135)\n    at /home/pablo/.vscode/extensions/uqbar.wollok-lsp-ide-0.3.3/node_modules/wollok-ts/dist/extensions.js:84:20\n    at completionsForNode (/home/pablo/.vscode/extensions/uqbar.wollok-lsp-ide-0.3.3/server/out/functionalities/autocomplete/node-completion.js:10:44)\n    at /home/pablo/.vscode/extensions/uqbar.wollok-lsp-ide-0.3.3/server/out/functionalities/autocomplete/autocomplete.js:26:154\n    at /home/pablo/.vscode/extensions/uqbar.wollok-lsp-ide-0.3.3/server/out/server.js:198:20","timestamp":"2024-08-27T00:07:00.238Z"}
{"level":"info","message":"⌛ Building environment","timeElapsed":114,"timestamp":"2024-08-27T00:07:00.362Z"}
{"level":"info","message":"⌛ Validating tomyjerry.wlk","timeElapsed":184,"timestamp":"2024-08-27T00:07:00.555Z"}
{"level":"info","message":"onRequest - completionItem/resolve","timestamp":"2024-08-27T00:07:00.555Z"}
{"level":"info","message":"⌛ Building environment","timeElapsed":109,"timestamp":"2024-08-27T00:07:00.664Z"}
{"level":"info","message":"onRequest - completionItem/resolve","timestamp":"2024-08-27T00:07:00.664Z"}
{"level":"info","message":"⌛ Validating tomyjerry.wlk","timeElapsed":163,"timestamp":"2024-08-27T00:07:00.828Z"}
{"level":"info","message":"⌛ Building environment","timeElapsed":110,"timestamp":"2024-08-27T00:07:00.938Z"}
{"level":"info","message":"onRequest - completionItem/resolve","timestamp":"2024-08-27T00:07:00.939Z"}
{"level":"info","message":"⌛ Validating tomyjerry.wlk","timeElapsed":155,"timestamp":"2024-08-27T00:07:01.094Z"}
{"level":"info","message":"⌛ Validating tomyjerry.wlk","timeElapsed":152,"timestamp":"2024-08-27T00:07:01.254Z"}
{"level":"info","message":"⌛ Building environment","timeElapsed":125,"timestamp":"2024-08-27T00:07:02.595Z"}
{"level":"info","message":"⌛ Validating tomyjerry.wlk","timeElapsed":188,"timestamp":"2024-08-27T00:07:02.827Z"}
{"level":"info","message":"onRequest - completionItem/resolve","timestamp":"2024-08-27T00:07:02.827Z"}
{"level":"info","message":"⌛ Building environment","timeElapsed":167,"timestamp":"2024-08-27T00:07:04.672Z"}
{"level":"info","message":"onRequest - completionItem/resolve","timestamp":"2024-08-27T00:07:04.672Z"}
{"level":"info","message":"⌛ Building environment","timeElapsed":131,"timestamp":"2024-08-27T00:07:04.803Z"}
{"level":"info","message":"onRequest - completionItem/resolve","timestamp":"2024-08-27T00:07:04.804Z"}
{"level":"info","message":"⌛ Validating tomyjerry.wlk","timeElapsed":171,"timestamp":"2024-08-27T00:07:04.975Z"}
{"level":"info","message":"⌛ Building environment","timeElapsed":118,"timestamp":"2024-08-27T00:07:05.094Z"}
{"level":"info","message":"onRequest - completionItem/resolve","timestamp":"2024-08-27T00:07:05.094Z"}
{"level":"info","message":"⌛ Building environment","timeElapsed":127,"timestamp":"2024-08-27T00:07:05.221Z"}
{"level":"info","message":"onRequest - completionItem/resolve","timestamp":"2024-08-27T00:07:05.222Z"}
{"level":"info","message":"⌛ Validating tomyjerry.wlk","timeElapsed":160,"timestamp":"2024-08-27T00:07:05.383Z"}
{"level":"info","message":"⌛ Building environment","timeElapsed":102,"timestamp":"2024-08-27T00:07:05.487Z"}
{"level":"info","message":"onRequest - completionItem/resolve","timestamp":"2024-08-27T00:07:05.495Z"}
{"level":"info","message":"⌛ Building environment","timeElapsed":137,"timestamp":"2024-08-27T00:07:05.633Z"}
{"level":"info","message":"onRequest - completionItem/resolve","timestamp":"2024-08-27T00:07:05.643Z"}
{"level":"info","message":"⌛ Validating tomyjerry.wlk","timeElapsed":154,"timestamp":"2024-08-27T00:07:05.797Z"}
{"level":"info","message":"⌛ Building environment","timeElapsed":113,"timestamp":"2024-08-27T00:07:05.911Z"}
{"level":"info","message":"onRequest - completionItem/resolve","timestamp":"2024-08-27T00:07:05.911Z"}
{"level":"info","message":"⌛ Validating tomyjerry.wlk","timeElapsed":164,"timestamp":"2024-08-27T00:07:06.075Z"}
{"level":"info","message":"⌛ Validating tomyjerry.wlk","timeElapsed":246,"timestamp":"2024-08-27T00:07:06.327Z"}
{"level":"info","message":"⌛ Validating tomyjerry.wlk","timeElapsed":155,"timestamp":"2024-08-27T00:07:06.484Z"}
{"level":"info","message":"onRequest - completionItem/resolve","timestamp":"2024-08-27T00:07:06.486Z"}
{"level":"info","message":"⌛ Validating tomyjerry.wlk","timeElapsed":160,"timestamp":"2024-08-27T00:07:06.646Z"}
{"level":"info","message":"onRequest - completionItem/resolve","timestamp":"2024-08-27T00:07:06.677Z"}
{"level":"info","message":"⌛ Building environment","timeElapsed":118,"timestamp":"2024-08-27T00:07:07.265Z"}
{"level":"info","message":"⌛ Validating tomyjerry.wlk","timeElapsed":155,"timestamp":"2024-08-27T00:07:07.421Z"}
{"level":"info","message":"⌛ Building environment","timeElapsed":147,"timestamp":"2024-08-27T00:07:16.220Z"}
{"level":"error","message":"✘ Completions for node failed: Error: [Send]{ce6658} at tomyjerry.wlk:34 exhausted all cases without a match [Send]{ce6658} at tomyjerry.wlk:34 exhausted all cases without a match","stack":"Error: [Send]{ce6658} at tomyjerry.wlk:34 exhausted all cases without a match\n    at /home/pablo/.vscode/extensions/uqbar.wollok-lsp-ide-0.3.3/node_modules/wollok-ts/dist/extensions.js:85:11\n    at completionsForNode (/home/pablo/.vscode/extensions/uqbar.wollok-lsp-ide-0.3.3/server/out/functionalities/autocomplete/node-completion.js:10:44)\n    at completeForParent (/home/pablo/.vscode/extensions/uqbar.wollok-lsp-ide-0.3.3/server/out/functionalities/autocomplete/node-completion.js:56:43)\n    at completeReference (/home/pablo/.vscode/extensions/uqbar.wollok-lsp-ide-0.3.3/server/out/functionalities/autocomplete/node-completion.js:64:135)\n    at /home/pablo/.vscode/extensions/uqbar.wollok-lsp-ide-0.3.3/node_modules/wollok-ts/dist/extensions.js:84:20\n    at completionsForNode (/home/pablo/.vscode/extensions/uqbar.wollok-lsp-ide-0.3.3/server/out/functionalities/autocomplete/node-completion.js:10:44)\n    at /home/pablo/.vscode/extensions/uqbar.wollok-lsp-ide-0.3.3/server/out/functionalities/autocomplete/autocomplete.js:26:154\n    at /home/pablo/.vscode/extensions/uqbar.wollok-lsp-ide-0.3.3/server/out/server.js:198:20\n    at /home/pablo/.vscode/extensions/uqbar.wollok-lsp-ide-0.3.3/server/node_modules/vscode-languageserver/lib/common/server.js:593:20\n    at handleRequest (/home/pablo/.vscode/extensions/uqbar.wollok-lsp-ide-0.3.3/server/node_modules/vscode-jsonrpc/lib/common/connection.js:493:41)","timestamp":"2024-08-27T00:07:16.314Z"}
{"level":"error","message":"✘ Completions for node failed: Error: [Send]{8866f4} at tomyjerry.wlk:34 exhausted all cases without a match [Send]{8866f4} at tomyjerry.wlk:34 exhausted all cases without a match","stack":"Error: [Send]{8866f4} at tomyjerry.wlk:34 exhausted all cases without a match\n    at /home/pablo/.vscode/extensions/uqbar.wollok-lsp-ide-0.3.3/node_modules/wollok-ts/dist/extensions.js:85:11\n    at completionsForNode (/home/pablo/.vscode/extensions/uqbar.wollok-lsp-ide-0.3.3/server/out/functionalities/autocomplete/node-completion.js:10:44)\n    at completeForParent (/home/pablo/.vscode/extensions/uqbar.wollok-lsp-ide-0.3.3/server/out/functionalities/autocomplete/node-completion.js:56:43)\n    at completionsForNode (/home/pablo/.vscode/extensions/uqbar.wollok-lsp-ide-0.3.3/server/out/functionalities/autocomplete/node-completion.js:14:46)\n    at completeForParent (/home/pablo/.vscode/extensions/uqbar.wollok-lsp-ide-0.3.3/server/out/functionalities/autocomplete/node-completion.js:56:43)\n    at completeReference (/home/pablo/.vscode/extensions/uqbar.wollok-lsp-ide-0.3.3/server/out/functionalities/autocomplete/node-completion.js:64:135)\n    at /home/pablo/.vscode/extensions/uqbar.wollok-lsp-ide-0.3.3/node_modules/wollok-ts/dist/extensions.js:84:20\n    at completionsForNode (/home/pablo/.vscode/extensions/uqbar.wollok-lsp-ide-0.3.3/server/out/functionalities/autocomplete/node-completion.js:10:44)\n    at /home/pablo/.vscode/extensions/uqbar.wollok-lsp-ide-0.3.3/server/out/functionalities/autocomplete/autocomplete.js:26:154\n    at /home/pablo/.vscode/extensions/uqbar.wollok-lsp-ide-0.3.3/server/out/server.js:198:20","timestamp":"2024-08-27T00:07:16.315Z"}
{"level":"error","message":"✘ Completions for node failed: Error: [Return]{3698dc} at tomyjerry.wlk:34 exhausted all cases without a match [Return]{3698dc} at tomyjerry.wlk:34 exhausted all cases without a match","stack":"Error: [Return]{3698dc} at tomyjerry.wlk:34 exhausted all cases without a match\n    at /home/pablo/.vscode/extensions/uqbar.wollok-lsp-ide-0.3.3/node_modules/wollok-ts/dist/extensions.js:85:11\n    at completionsForNode (/home/pablo/.vscode/extensions/uqbar.wollok-lsp-ide-0.3.3/server/out/functionalities/autocomplete/node-completion.js:10:44)\n    at completeForParent (/home/pablo/.vscode/extensions/uqbar.wollok-lsp-ide-0.3.3/server/out/functionalities/autocomplete/node-completion.js:56:43)\n    at completionsForNode (/home/pablo/.vscode/extensions/uqbar.wollok-lsp-ide-0.3.3/server/out/functionalities/autocomplete/node-completion.js:14:46)\n    at completeForParent (/home/pablo/.vscode/extensions/uqbar.wollok-lsp-ide-0.3.3/server/out/functionalities/autocomplete/node-completion.js:56:43)\n    at completionsForNode (/home/pablo/.vscode/extensions/uqbar.wollok-lsp-ide-0.3.3/server/out/functionalities/autocomplete/node-completion.js:14:46)\n    at completeForParent (/home/pablo/.vscode/extensions/uqbar.wollok-lsp-ide-0.3.3/server/out/functionalities/autocomplete/node-completion.js:56:43)\n    at completeReference (/home/pablo/.vscode/extensions/uqbar.wollok-lsp-ide-0.3.3/server/out/functionalities/autocomplete/node-completion.js:64:135)\n    at /home/pablo/.vscode/extensions/uqbar.wollok-lsp-ide-0.3.3/node_modules/wollok-ts/dist/extensions.js:84:20\n    at completionsForNode (/home/pablo/.vscode/extensions/uqbar.wollok-lsp-ide-0.3.3/server/out/functionalities/autocomplete/node-completion.js:10:44)","timestamp":"2024-08-27T00:07:16.315Z"}
{"level":"info","message":"⌛ Validating tomyjerry.wlk","timeElapsed":201,"timestamp":"2024-08-27T00:07:16.520Z"}
{"level":"info","message":"⌛ Building environment","timeElapsed":161,"timestamp":"2024-08-27T00:07:16.682Z"}
{"level":"info","message":"onRequest - completionItem/resolve","timestamp":"2024-08-27T00:07:16.683Z"}
{"level":"info","message":"⌛ Building environment","timeElapsed":128,"timestamp":"2024-08-27T00:07:16.812Z"}
{"level":"info","message":"onRequest - completionItem/resolve","timestamp":"2024-08-27T00:07:16.814Z"}
{"level":"info","message":"⌛ Building environment","timeElapsed":178,"timestamp":"2024-08-27T00:07:16.992Z"}
{"level":"info","message":"onRequest - completionItem/resolve","timestamp":"2024-08-27T00:07:16.993Z"}
{"level":"info","message":"⌛ Building environment","timeElapsed":128,"timestamp":"2024-08-27T00:07:17.121Z"}
{"level":"info","message":"⌛ Validating tomyjerry.wlk","timeElapsed":224,"timestamp":"2024-08-27T00:07:17.384Z"}
{"level":"info","message":"⌛ Validating tomyjerry.wlk","timeElapsed":206,"timestamp":"2024-08-27T00:07:17.591Z"}
{"level":"info","message":"⌛ Validating tomyjerry.wlk","timeElapsed":175,"timestamp":"2024-08-27T00:07:17.769Z"}
{"level":"info","message":"⌛ Validating tomyjerry.wlk","timeElapsed":192,"timestamp":"2024-08-27T00:07:17.961Z"}
{"level":"info","message":"onRequest - completionItem/resolve","timestamp":"2024-08-27T00:07:17.961Z"}
{"level":"info","message":"⌛ Building environment","timeElapsed":107,"timestamp":"2024-08-27T00:07:18.068Z"}
{"level":"info","message":"onRequest - completionItem/resolve","timestamp":"2024-08-27T00:07:18.069Z"}
{"level":"info","message":"⌛ Building environment","timeElapsed":116,"timestamp":"2024-08-27T00:07:18.185Z"}
{"level":"info","message":"onRequest - completionItem/resolve","timestamp":"2024-08-27T00:07:18.186Z"}
{"level":"info","message":"⌛ Building environment","timeElapsed":112,"timestamp":"2024-08-27T00:07:18.298Z"}
{"level":"info","message":"onRequest - completionItem/resolve","timestamp":"2024-08-27T00:07:18.299Z"}
{"level":"info","message":"⌛ Building environment","timeElapsed":130,"timestamp":"2024-08-27T00:07:18.429Z"}
{"level":"info","message":"onRequest - completionItem/resolve","timestamp":"2024-08-27T00:07:18.430Z"}
{"level":"info","message":"⌛ Building environment","timeElapsed":102,"timestamp":"2024-08-27T00:07:18.533Z"}
{"level":"info","message":"onRequest - completionItem/resolve","timestamp":"2024-08-27T00:07:18.533Z"}
{"level":"info","message":"⌛ Building environment","timeElapsed":104,"timestamp":"2024-08-27T00:07:18.638Z"}
{"level":"info","message":"onRequest - completionItem/resolve","timestamp":"2024-08-27T00:07:18.648Z"}
{"level":"info","message":"onRequest - completionItem/resolve","timestamp":"2024-08-27T00:07:18.757Z"}
{"level":"info","message":"⌛ Validating tomyjerry.wlk","timeElapsed":157,"timestamp":"2024-08-27T00:07:18.915Z"}
{"level":"info","message":"⌛ Validating tomyjerry.wlk","timeElapsed":154,"timestamp":"2024-08-27T00:07:19.075Z"}
{"level":"info","message":"⌛ Validating tomyjerry.wlk","timeElapsed":159,"timestamp":"2024-08-27T00:07:19.235Z"}
{"level":"info","message":"⌛ Validating tomyjerry.wlk","timeElapsed":166,"timestamp":"2024-08-27T00:07:19.402Z"}
{"level":"info","message":"⌛ Validating tomyjerry.wlk","timeElapsed":166,"timestamp":"2024-08-27T00:07:19.568Z"}
{"level":"info","message":"onRequest - completionItem/resolve","timestamp":"2024-08-27T00:07:19.569Z"}
{"level":"info","message":"⌛ Validating tomyjerry.wlk","timeElapsed":157,"timestamp":"2024-08-27T00:07:19.727Z"}
{"level":"info","message":"⌛ Validating tomyjerry.wlk","timeElapsed":154,"timestamp":"2024-08-27T00:07:19.880Z"}
{"level":"info","message":"onRequest - completionItem/resolve","timestamp":"2024-08-27T00:07:19.880Z"}
{"level":"info","message":"⌛ Building environment","timeElapsed":131,"timestamp":"2024-08-27T00:07:20.343Z"}
{"level":"info","message":"⌛ Validating tomyjerry.wlk","timeElapsed":161,"timestamp":"2024-08-27T00:07:20.505Z"}
{"level":"info","message":"⌛ Building environment","timeElapsed":216,"timestamp":"2024-08-27T00:16:23.530Z"}
{"level":"info","message":"⌛ Validating tomyjerry.wlk","timeElapsed":211,"timestamp":"2024-08-27T00:16:23.743Z"}
{"level":"info","message":"⌛ Building environment","timeElapsed":170,"timestamp":"2024-08-27T00:16:26.001Z"}
{"level":"info","message":"⌛ Validating tomyjerry.wlk","timeElapsed":180,"timestamp":"2024-08-27T00:16:26.191Z"}
